Release 14.7 Map P.20131013 (nt64)
Xilinx Mapping Report File for Design 'AudioMain'

Design Information
------------------
Command Line   : map -intstyle ise -p xc3s250e-vq100-5 -cm area -ir off -pr off
-c 100 -o AudioMain_map.ncd AudioMain.ngd AudioMain.pcf 
Target Device  : xc3s250e
Target Package : vq100
Target Speed   : -5
Mapper Version : spartan3e -- $Revision: 1.55 $
Mapped Date    : Thu Dec 04 17:58:26 2014

Design Summary
--------------
Number of errors:      0
Number of warnings:  224
Logic Utilization:
  Number of Slice Flip Flops:           128 out of   4,896    2%
  Number of 4 input LUTs:                53 out of   4,896    1%
Logic Distribution:
  Number of occupied Slices:             81 out of   2,448    3%
    Number of Slices containing only related logic:      81 out of      81 100%
    Number of Slices containing unrelated logic:          0 out of      81   0%
      *See NOTES below for an explanation of the effects of unrelated logic.
  Total Number of 4 input LUTs:          95 out of   4,896    1%
    Number used as logic:                53
    Number used as a route-thru:         42

  The Slice Logic Distribution report is not meaningful if the design is
  over-mapped for a non-slice resource or if Placement fails.

  Number of bonded IOBs:                 10 out of      66   15%
  Number of RAMB16s:                      8 out of      12   66%
  Number of BUFGMUXs:                     1 out of      24    4%

Average Fanout of Non-Clock Nets:                2.18

Peak Memory Usage:  310 MB
Total REAL time to MAP completion:  12 secs 
Total CPU time to MAP completion:   4 secs 

NOTES:

   Related logic is defined as being logic that shares connectivity - e.g. two
   LUTs are "related" if they share common inputs.  When assembling slices,
   Map gives priority to combine logic that is related.  Doing so results in
   the best timing performance.

   Unrelated logic shares no connectivity.  Map will only begin packing
   unrelated logic into a slice once 99% of the slices are occupied through
   related logic packing.

   Note that once logic distribution reaches the 99% level through related
   logic packing, this does not mean the device is completely utilized.
   Unrelated logic packing will then begin, continuing until all usable LUTs
   and FFs are occupied.  Depending on your timing budget, increased levels of
   unrelated logic packing may adversely affect the overall timing performance
   of your design.

Table of Contents
-----------------
Section 1 - Errors
Section 2 - Warnings
Section 3 - Informational
Section 4 - Removed Logic Summary
Section 5 - Removed Logic
Section 6 - IOB Properties
Section 7 - RPMs
Section 8 - Guide Report
Section 9 - Area Group and Partition Summary
Section 10 - Timing Report
Section 11 - Configuration String Information
Section 12 - Control Set Information
Section 13 - Utilization by Hierarchy

Section 1 - Errors
------------------

Section 2 - Warnings
--------------------
WARNING:PhysDesignRules:812 - Dangling pin <DOB1> on
   block:<Ahigh/U0/xst_blk_mem_generator/gnativebmg.native_blk_mem_gen/valid.cst
   r/ramloop[0].ram.r/s3_init.ram/spram.ram.B>:<RAMB16_RAMB16B>.
WARNING:PhysDesignRules:812 - Dangling pin <DOB2> on
   block:<Ahigh/U0/xst_blk_mem_generator/gnativebmg.native_blk_mem_gen/valid.cst
   r/ramloop[0].ram.r/s3_init.ram/spram.ram.B>:<RAMB16_RAMB16B>.
WARNING:PhysDesignRules:812 - Dangling pin <DOB3> on
   block:<Ahigh/U0/xst_blk_mem_generator/gnativebmg.native_blk_mem_gen/valid.cst
   r/ramloop[0].ram.r/s3_init.ram/spram.ram.B>:<RAMB16_RAMB16B>.
WARNING:PhysDesignRules:812 - Dangling pin <DOB4> on
   block:<Ahigh/U0/xst_blk_mem_generator/gnativebmg.native_blk_mem_gen/valid.cst
   r/ramloop[0].ram.r/s3_init.ram/spram.ram.B>:<RAMB16_RAMB16B>.
WARNING:PhysDesignRules:812 - Dangling pin <DOB5> on
   block:<Ahigh/U0/xst_blk_mem_generator/gnativebmg.native_blk_mem_gen/valid.cst
   r/ramloop[0].ram.r/s3_init.ram/spram.ram.B>:<RAMB16_RAMB16B>.
WARNING:PhysDesignRules:812 - Dangling pin <DOB6> on
   block:<Ahigh/U0/xst_blk_mem_generator/gnativebmg.native_blk_mem_gen/valid.cst
   r/ramloop[0].ram.r/s3_init.ram/spram.ram.B>:<RAMB16_RAMB16B>.
WARNING:PhysDesignRules:812 - Dangling pin <DOB7> on
   block:<Ahigh/U0/xst_blk_mem_generator/gnativebmg.native_blk_mem_gen/valid.cst
   r/ramloop[0].ram.r/s3_init.ram/spram.ram.B>:<RAMB16_RAMB16B>.
WARNING:PhysDesignRules:812 - Dangling pin <DOB9> on
   block:<Ahigh/U0/xst_blk_mem_generator/gnativebmg.native_blk_mem_gen/valid.cst
   r/ramloop[0].ram.r/s3_init.ram/spram.ram.B>:<RAMB16_RAMB16B>.
WARNING:PhysDesignRules:812 - Dangling pin <DOB10> on
   block:<Ahigh/U0/xst_blk_mem_generator/gnativebmg.native_blk_mem_gen/valid.cst
   r/ramloop[0].ram.r/s3_init.ram/spram.ram.B>:<RAMB16_RAMB16B>.
WARNING:PhysDesignRules:812 - Dangling pin <DOB11> on
   block:<Ahigh/U0/xst_blk_mem_generator/gnativebmg.native_blk_mem_gen/valid.cst
   r/ramloop[0].ram.r/s3_init.ram/spram.ram.B>:<RAMB16_RAMB16B>.
WARNING:PhysDesignRules:812 - Dangling pin <DOB12> on
   block:<Ahigh/U0/xst_blk_mem_generator/gnativebmg.native_blk_mem_gen/valid.cst
   r/ramloop[0].ram.r/s3_init.ram/spram.ram.B>:<RAMB16_RAMB16B>.
WARNING:PhysDesignRules:812 - Dangling pin <DOB13> on
   block:<Ahigh/U0/xst_blk_mem_generator/gnativebmg.native_blk_mem_gen/valid.cst
   r/ramloop[0].ram.r/s3_init.ram/spram.ram.B>:<RAMB16_RAMB16B>.
WARNING:PhysDesignRules:812 - Dangling pin <DOB14> on
   block:<Ahigh/U0/xst_blk_mem_generator/gnativebmg.native_blk_mem_gen/valid.cst
   r/ramloop[0].ram.r/s3_init.ram/spram.ram.B>:<RAMB16_RAMB16B>.
WARNING:PhysDesignRules:812 - Dangling pin <DOB15> on
   block:<Ahigh/U0/xst_blk_mem_generator/gnativebmg.native_blk_mem_gen/valid.cst
   r/ramloop[0].ram.r/s3_init.ram/spram.ram.B>:<RAMB16_RAMB16B>.
WARNING:PhysDesignRules:812 - Dangling pin <DOB17> on
   block:<Ahigh/U0/xst_blk_mem_generator/gnativebmg.native_blk_mem_gen/valid.cst
   r/ramloop[0].ram.r/s3_init.ram/spram.ram.B>:<RAMB16_RAMB16B>.
WARNING:PhysDesignRules:812 - Dangling pin <DOB18> on
   block:<Ahigh/U0/xst_blk_mem_generator/gnativebmg.native_blk_mem_gen/valid.cst
   r/ramloop[0].ram.r/s3_init.ram/spram.ram.B>:<RAMB16_RAMB16B>.
WARNING:PhysDesignRules:812 - Dangling pin <DOB19> on
   block:<Ahigh/U0/xst_blk_mem_generator/gnativebmg.native_blk_mem_gen/valid.cst
   r/ramloop[0].ram.r/s3_init.ram/spram.ram.B>:<RAMB16_RAMB16B>.
WARNING:PhysDesignRules:812 - Dangling pin <DOB20> on
   block:<Ahigh/U0/xst_blk_mem_generator/gnativebmg.native_blk_mem_gen/valid.cst
   r/ramloop[0].ram.r/s3_init.ram/spram.ram.B>:<RAMB16_RAMB16B>.
WARNING:PhysDesignRules:812 - Dangling pin <DOB21> on
   block:<Ahigh/U0/xst_blk_mem_generator/gnativebmg.native_blk_mem_gen/valid.cst
   r/ramloop[0].ram.r/s3_init.ram/spram.ram.B>:<RAMB16_RAMB16B>.
WARNING:PhysDesignRules:812 - Dangling pin <DOB22> on
   block:<Ahigh/U0/xst_blk_mem_generator/gnativebmg.native_blk_mem_gen/valid.cst
   r/ramloop[0].ram.r/s3_init.ram/spram.ram.B>:<RAMB16_RAMB16B>.
WARNING:PhysDesignRules:812 - Dangling pin <DOB23> on
   block:<Ahigh/U0/xst_blk_mem_generator/gnativebmg.native_blk_mem_gen/valid.cst
   r/ramloop[0].ram.r/s3_init.ram/spram.ram.B>:<RAMB16_RAMB16B>.
WARNING:PhysDesignRules:812 - Dangling pin <DOB25> on
   block:<Ahigh/U0/xst_blk_mem_generator/gnativebmg.native_blk_mem_gen/valid.cst
   r/ramloop[0].ram.r/s3_init.ram/spram.ram.B>:<RAMB16_RAMB16B>.
WARNING:PhysDesignRules:812 - Dangling pin <DOB26> on
   block:<Ahigh/U0/xst_blk_mem_generator/gnativebmg.native_blk_mem_gen/valid.cst
   r/ramloop[0].ram.r/s3_init.ram/spram.ram.B>:<RAMB16_RAMB16B>.
WARNING:PhysDesignRules:812 - Dangling pin <DOB27> on
   block:<Ahigh/U0/xst_blk_mem_generator/gnativebmg.native_blk_mem_gen/valid.cst
   r/ramloop[0].ram.r/s3_init.ram/spram.ram.B>:<RAMB16_RAMB16B>.
WARNING:PhysDesignRules:812 - Dangling pin <DOB28> on
   block:<Ahigh/U0/xst_blk_mem_generator/gnativebmg.native_blk_mem_gen/valid.cst
   r/ramloop[0].ram.r/s3_init.ram/spram.ram.B>:<RAMB16_RAMB16B>.
WARNING:PhysDesignRules:812 - Dangling pin <DOB29> on
   block:<Ahigh/U0/xst_blk_mem_generator/gnativebmg.native_blk_mem_gen/valid.cst
   r/ramloop[0].ram.r/s3_init.ram/spram.ram.B>:<RAMB16_RAMB16B>.
WARNING:PhysDesignRules:812 - Dangling pin <DOB30> on
   block:<Ahigh/U0/xst_blk_mem_generator/gnativebmg.native_blk_mem_gen/valid.cst
   r/ramloop[0].ram.r/s3_init.ram/spram.ram.B>:<RAMB16_RAMB16B>.
WARNING:PhysDesignRules:812 - Dangling pin <DOB31> on
   block:<Ahigh/U0/xst_blk_mem_generator/gnativebmg.native_blk_mem_gen/valid.cst
   r/ramloop[0].ram.r/s3_init.ram/spram.ram.B>:<RAMB16_RAMB16B>.
WARNING:PhysDesignRules:812 - Dangling pin <DOB1> on
   block:<G/U0/xst_blk_mem_generator/gnativebmg.native_blk_mem_gen/valid.cstr/ra
   mloop[0].ram.r/s3_init.ram/spram.ram.B>:<RAMB16_RAMB16B>.
WARNING:PhysDesignRules:812 - Dangling pin <DOB2> on
   block:<G/U0/xst_blk_mem_generator/gnativebmg.native_blk_mem_gen/valid.cstr/ra
   mloop[0].ram.r/s3_init.ram/spram.ram.B>:<RAMB16_RAMB16B>.
WARNING:PhysDesignRules:812 - Dangling pin <DOB3> on
   block:<G/U0/xst_blk_mem_generator/gnativebmg.native_blk_mem_gen/valid.cstr/ra
   mloop[0].ram.r/s3_init.ram/spram.ram.B>:<RAMB16_RAMB16B>.
WARNING:PhysDesignRules:812 - Dangling pin <DOB4> on
   block:<G/U0/xst_blk_mem_generator/gnativebmg.native_blk_mem_gen/valid.cstr/ra
   mloop[0].ram.r/s3_init.ram/spram.ram.B>:<RAMB16_RAMB16B>.
WARNING:PhysDesignRules:812 - Dangling pin <DOB5> on
   block:<G/U0/xst_blk_mem_generator/gnativebmg.native_blk_mem_gen/valid.cstr/ra
   mloop[0].ram.r/s3_init.ram/spram.ram.B>:<RAMB16_RAMB16B>.
WARNING:PhysDesignRules:812 - Dangling pin <DOB6> on
   block:<G/U0/xst_blk_mem_generator/gnativebmg.native_blk_mem_gen/valid.cstr/ra
   mloop[0].ram.r/s3_init.ram/spram.ram.B>:<RAMB16_RAMB16B>.
WARNING:PhysDesignRules:812 - Dangling pin <DOB7> on
   block:<G/U0/xst_blk_mem_generator/gnativebmg.native_blk_mem_gen/valid.cstr/ra
   mloop[0].ram.r/s3_init.ram/spram.ram.B>:<RAMB16_RAMB16B>.
WARNING:PhysDesignRules:812 - Dangling pin <DOB9> on
   block:<G/U0/xst_blk_mem_generator/gnativebmg.native_blk_mem_gen/valid.cstr/ra
   mloop[0].ram.r/s3_init.ram/spram.ram.B>:<RAMB16_RAMB16B>.
WARNING:PhysDesignRules:812 - Dangling pin <DOB10> on
   block:<G/U0/xst_blk_mem_generator/gnativebmg.native_blk_mem_gen/valid.cstr/ra
   mloop[0].ram.r/s3_init.ram/spram.ram.B>:<RAMB16_RAMB16B>.
WARNING:PhysDesignRules:812 - Dangling pin <DOB11> on
   block:<G/U0/xst_blk_mem_generator/gnativebmg.native_blk_mem_gen/valid.cstr/ra
   mloop[0].ram.r/s3_init.ram/spram.ram.B>:<RAMB16_RAMB16B>.
WARNING:PhysDesignRules:812 - Dangling pin <DOB12> on
   block:<G/U0/xst_blk_mem_generator/gnativebmg.native_blk_mem_gen/valid.cstr/ra
   mloop[0].ram.r/s3_init.ram/spram.ram.B>:<RAMB16_RAMB16B>.
WARNING:PhysDesignRules:812 - Dangling pin <DOB13> on
   block:<G/U0/xst_blk_mem_generator/gnativebmg.native_blk_mem_gen/valid.cstr/ra
   mloop[0].ram.r/s3_init.ram/spram.ram.B>:<RAMB16_RAMB16B>.
WARNING:PhysDesignRules:812 - Dangling pin <DOB14> on
   block:<G/U0/xst_blk_mem_generator/gnativebmg.native_blk_mem_gen/valid.cstr/ra
   mloop[0].ram.r/s3_init.ram/spram.ram.B>:<RAMB16_RAMB16B>.
WARNING:PhysDesignRules:812 - Dangling pin <DOB15> on
   block:<G/U0/xst_blk_mem_generator/gnativebmg.native_blk_mem_gen/valid.cstr/ra
   mloop[0].ram.r/s3_init.ram/spram.ram.B>:<RAMB16_RAMB16B>.
WARNING:PhysDesignRules:812 - Dangling pin <DOB17> on
   block:<G/U0/xst_blk_mem_generator/gnativebmg.native_blk_mem_gen/valid.cstr/ra
   mloop[0].ram.r/s3_init.ram/spram.ram.B>:<RAMB16_RAMB16B>.
WARNING:PhysDesignRules:812 - Dangling pin <DOB18> on
   block:<G/U0/xst_blk_mem_generator/gnativebmg.native_blk_mem_gen/valid.cstr/ra
   mloop[0].ram.r/s3_init.ram/spram.ram.B>:<RAMB16_RAMB16B>.
WARNING:PhysDesignRules:812 - Dangling pin <DOB19> on
   block:<G/U0/xst_blk_mem_generator/gnativebmg.native_blk_mem_gen/valid.cstr/ra
   mloop[0].ram.r/s3_init.ram/spram.ram.B>:<RAMB16_RAMB16B>.
WARNING:PhysDesignRules:812 - Dangling pin <DOB20> on
   block:<G/U0/xst_blk_mem_generator/gnativebmg.native_blk_mem_gen/valid.cstr/ra
   mloop[0].ram.r/s3_init.ram/spram.ram.B>:<RAMB16_RAMB16B>.
WARNING:PhysDesignRules:812 - Dangling pin <DOB21> on
   block:<G/U0/xst_blk_mem_generator/gnativebmg.native_blk_mem_gen/valid.cstr/ra
   mloop[0].ram.r/s3_init.ram/spram.ram.B>:<RAMB16_RAMB16B>.
WARNING:PhysDesignRules:812 - Dangling pin <DOB22> on
   block:<G/U0/xst_blk_mem_generator/gnativebmg.native_blk_mem_gen/valid.cstr/ra
   mloop[0].ram.r/s3_init.ram/spram.ram.B>:<RAMB16_RAMB16B>.
WARNING:PhysDesignRules:812 - Dangling pin <DOB23> on
   block:<G/U0/xst_blk_mem_generator/gnativebmg.native_blk_mem_gen/valid.cstr/ra
   mloop[0].ram.r/s3_init.ram/spram.ram.B>:<RAMB16_RAMB16B>.
WARNING:PhysDesignRules:812 - Dangling pin <DOB25> on
   block:<G/U0/xst_blk_mem_generator/gnativebmg.native_blk_mem_gen/valid.cstr/ra
   mloop[0].ram.r/s3_init.ram/spram.ram.B>:<RAMB16_RAMB16B>.
WARNING:PhysDesignRules:812 - Dangling pin <DOB26> on
   block:<G/U0/xst_blk_mem_generator/gnativebmg.native_blk_mem_gen/valid.cstr/ra
   mloop[0].ram.r/s3_init.ram/spram.ram.B>:<RAMB16_RAMB16B>.
WARNING:PhysDesignRules:812 - Dangling pin <DOB27> on
   block:<G/U0/xst_blk_mem_generator/gnativebmg.native_blk_mem_gen/valid.cstr/ra
   mloop[0].ram.r/s3_init.ram/spram.ram.B>:<RAMB16_RAMB16B>.
WARNING:PhysDesignRules:812 - Dangling pin <DOB28> on
   block:<G/U0/xst_blk_mem_generator/gnativebmg.native_blk_mem_gen/valid.cstr/ra
   mloop[0].ram.r/s3_init.ram/spram.ram.B>:<RAMB16_RAMB16B>.
WARNING:PhysDesignRules:812 - Dangling pin <DOB29> on
   block:<G/U0/xst_blk_mem_generator/gnativebmg.native_blk_mem_gen/valid.cstr/ra
   mloop[0].ram.r/s3_init.ram/spram.ram.B>:<RAMB16_RAMB16B>.
WARNING:PhysDesignRules:812 - Dangling pin <DOB30> on
   block:<G/U0/xst_blk_mem_generator/gnativebmg.native_blk_mem_gen/valid.cstr/ra
   mloop[0].ram.r/s3_init.ram/spram.ram.B>:<RAMB16_RAMB16B>.
WARNING:PhysDesignRules:812 - Dangling pin <DOB31> on
   block:<G/U0/xst_blk_mem_generator/gnativebmg.native_blk_mem_gen/valid.cstr/ra
   mloop[0].ram.r/s3_init.ram/spram.ram.B>:<RAMB16_RAMB16B>.
WARNING:PhysDesignRules:812 - Dangling pin <DOB1> on
   block:<F/U0/xst_blk_mem_generator/gnativebmg.native_blk_mem_gen/valid.cstr/ra
   mloop[0].ram.r/s3_init.ram/spram.ram.B>:<RAMB16_RAMB16B>.
WARNING:PhysDesignRules:812 - Dangling pin <DOB2> on
   block:<F/U0/xst_blk_mem_generator/gnativebmg.native_blk_mem_gen/valid.cstr/ra
   mloop[0].ram.r/s3_init.ram/spram.ram.B>:<RAMB16_RAMB16B>.
WARNING:PhysDesignRules:812 - Dangling pin <DOB3> on
   block:<F/U0/xst_blk_mem_generator/gnativebmg.native_blk_mem_gen/valid.cstr/ra
   mloop[0].ram.r/s3_init.ram/spram.ram.B>:<RAMB16_RAMB16B>.
WARNING:PhysDesignRules:812 - Dangling pin <DOB4> on
   block:<F/U0/xst_blk_mem_generator/gnativebmg.native_blk_mem_gen/valid.cstr/ra
   mloop[0].ram.r/s3_init.ram/spram.ram.B>:<RAMB16_RAMB16B>.
WARNING:PhysDesignRules:812 - Dangling pin <DOB5> on
   block:<F/U0/xst_blk_mem_generator/gnativebmg.native_blk_mem_gen/valid.cstr/ra
   mloop[0].ram.r/s3_init.ram/spram.ram.B>:<RAMB16_RAMB16B>.
WARNING:PhysDesignRules:812 - Dangling pin <DOB6> on
   block:<F/U0/xst_blk_mem_generator/gnativebmg.native_blk_mem_gen/valid.cstr/ra
   mloop[0].ram.r/s3_init.ram/spram.ram.B>:<RAMB16_RAMB16B>.
WARNING:PhysDesignRules:812 - Dangling pin <DOB7> on
   block:<F/U0/xst_blk_mem_generator/gnativebmg.native_blk_mem_gen/valid.cstr/ra
   mloop[0].ram.r/s3_init.ram/spram.ram.B>:<RAMB16_RAMB16B>.
WARNING:PhysDesignRules:812 - Dangling pin <DOB9> on
   block:<F/U0/xst_blk_mem_generator/gnativebmg.native_blk_mem_gen/valid.cstr/ra
   mloop[0].ram.r/s3_init.ram/spram.ram.B>:<RAMB16_RAMB16B>.
WARNING:PhysDesignRules:812 - Dangling pin <DOB10> on
   block:<F/U0/xst_blk_mem_generator/gnativebmg.native_blk_mem_gen/valid.cstr/ra
   mloop[0].ram.r/s3_init.ram/spram.ram.B>:<RAMB16_RAMB16B>.
WARNING:PhysDesignRules:812 - Dangling pin <DOB11> on
   block:<F/U0/xst_blk_mem_generator/gnativebmg.native_blk_mem_gen/valid.cstr/ra
   mloop[0].ram.r/s3_init.ram/spram.ram.B>:<RAMB16_RAMB16B>.
WARNING:PhysDesignRules:812 - Dangling pin <DOB12> on
   block:<F/U0/xst_blk_mem_generator/gnativebmg.native_blk_mem_gen/valid.cstr/ra
   mloop[0].ram.r/s3_init.ram/spram.ram.B>:<RAMB16_RAMB16B>.
WARNING:PhysDesignRules:812 - Dangling pin <DOB13> on
   block:<F/U0/xst_blk_mem_generator/gnativebmg.native_blk_mem_gen/valid.cstr/ra
   mloop[0].ram.r/s3_init.ram/spram.ram.B>:<RAMB16_RAMB16B>.
WARNING:PhysDesignRules:812 - Dangling pin <DOB14> on
   block:<F/U0/xst_blk_mem_generator/gnativebmg.native_blk_mem_gen/valid.cstr/ra
   mloop[0].ram.r/s3_init.ram/spram.ram.B>:<RAMB16_RAMB16B>.
WARNING:PhysDesignRules:812 - Dangling pin <DOB15> on
   block:<F/U0/xst_blk_mem_generator/gnativebmg.native_blk_mem_gen/valid.cstr/ra
   mloop[0].ram.r/s3_init.ram/spram.ram.B>:<RAMB16_RAMB16B>.
WARNING:PhysDesignRules:812 - Dangling pin <DOB17> on
   block:<F/U0/xst_blk_mem_generator/gnativebmg.native_blk_mem_gen/valid.cstr/ra
   mloop[0].ram.r/s3_init.ram/spram.ram.B>:<RAMB16_RAMB16B>.
WARNING:PhysDesignRules:812 - Dangling pin <DOB18> on
   block:<F/U0/xst_blk_mem_generator/gnativebmg.native_blk_mem_gen/valid.cstr/ra
   mloop[0].ram.r/s3_init.ram/spram.ram.B>:<RAMB16_RAMB16B>.
WARNING:PhysDesignRules:812 - Dangling pin <DOB19> on
   block:<F/U0/xst_blk_mem_generator/gnativebmg.native_blk_mem_gen/valid.cstr/ra
   mloop[0].ram.r/s3_init.ram/spram.ram.B>:<RAMB16_RAMB16B>.
WARNING:PhysDesignRules:812 - Dangling pin <DOB20> on
   block:<F/U0/xst_blk_mem_generator/gnativebmg.native_blk_mem_gen/valid.cstr/ra
   mloop[0].ram.r/s3_init.ram/spram.ram.B>:<RAMB16_RAMB16B>.
WARNING:PhysDesignRules:812 - Dangling pin <DOB21> on
   block:<F/U0/xst_blk_mem_generator/gnativebmg.native_blk_mem_gen/valid.cstr/ra
   mloop[0].ram.r/s3_init.ram/spram.ram.B>:<RAMB16_RAMB16B>.
WARNING:PhysDesignRules:812 - Dangling pin <DOB22> on
   block:<F/U0/xst_blk_mem_generator/gnativebmg.native_blk_mem_gen/valid.cstr/ra
   mloop[0].ram.r/s3_init.ram/spram.ram.B>:<RAMB16_RAMB16B>.
WARNING:PhysDesignRules:812 - Dangling pin <DOB23> on
   block:<F/U0/xst_blk_mem_generator/gnativebmg.native_blk_mem_gen/valid.cstr/ra
   mloop[0].ram.r/s3_init.ram/spram.ram.B>:<RAMB16_RAMB16B>.
WARNING:PhysDesignRules:812 - Dangling pin <DOB25> on
   block:<F/U0/xst_blk_mem_generator/gnativebmg.native_blk_mem_gen/valid.cstr/ra
   mloop[0].ram.r/s3_init.ram/spram.ram.B>:<RAMB16_RAMB16B>.
WARNING:PhysDesignRules:812 - Dangling pin <DOB26> on
   block:<F/U0/xst_blk_mem_generator/gnativebmg.native_blk_mem_gen/valid.cstr/ra
   mloop[0].ram.r/s3_init.ram/spram.ram.B>:<RAMB16_RAMB16B>.
WARNING:PhysDesignRules:812 - Dangling pin <DOB27> on
   block:<F/U0/xst_blk_mem_generator/gnativebmg.native_blk_mem_gen/valid.cstr/ra
   mloop[0].ram.r/s3_init.ram/spram.ram.B>:<RAMB16_RAMB16B>.
WARNING:PhysDesignRules:812 - Dangling pin <DOB28> on
   block:<F/U0/xst_blk_mem_generator/gnativebmg.native_blk_mem_gen/valid.cstr/ra
   mloop[0].ram.r/s3_init.ram/spram.ram.B>:<RAMB16_RAMB16B>.
WARNING:PhysDesignRules:812 - Dangling pin <DOB29> on
   block:<F/U0/xst_blk_mem_generator/gnativebmg.native_blk_mem_gen/valid.cstr/ra
   mloop[0].ram.r/s3_init.ram/spram.ram.B>:<RAMB16_RAMB16B>.
WARNING:PhysDesignRules:812 - Dangling pin <DOB30> on
   block:<F/U0/xst_blk_mem_generator/gnativebmg.native_blk_mem_gen/valid.cstr/ra
   mloop[0].ram.r/s3_init.ram/spram.ram.B>:<RAMB16_RAMB16B>.
WARNING:PhysDesignRules:812 - Dangling pin <DOB31> on
   block:<F/U0/xst_blk_mem_generator/gnativebmg.native_blk_mem_gen/valid.cstr/ra
   mloop[0].ram.r/s3_init.ram/spram.ram.B>:<RAMB16_RAMB16B>.
WARNING:PhysDesignRules:812 - Dangling pin <DOB1> on
   block:<E/U0/xst_blk_mem_generator/gnativebmg.native_blk_mem_gen/valid.cstr/ra
   mloop[0].ram.r/s3_init.ram/spram.ram.B>:<RAMB16_RAMB16B>.
WARNING:PhysDesignRules:812 - Dangling pin <DOB2> on
   block:<E/U0/xst_blk_mem_generator/gnativebmg.native_blk_mem_gen/valid.cstr/ra
   mloop[0].ram.r/s3_init.ram/spram.ram.B>:<RAMB16_RAMB16B>.
WARNING:PhysDesignRules:812 - Dangling pin <DOB3> on
   block:<E/U0/xst_blk_mem_generator/gnativebmg.native_blk_mem_gen/valid.cstr/ra
   mloop[0].ram.r/s3_init.ram/spram.ram.B>:<RAMB16_RAMB16B>.
WARNING:PhysDesignRules:812 - Dangling pin <DOB4> on
   block:<E/U0/xst_blk_mem_generator/gnativebmg.native_blk_mem_gen/valid.cstr/ra
   mloop[0].ram.r/s3_init.ram/spram.ram.B>:<RAMB16_RAMB16B>.
WARNING:PhysDesignRules:812 - Dangling pin <DOB5> on
   block:<E/U0/xst_blk_mem_generator/gnativebmg.native_blk_mem_gen/valid.cstr/ra
   mloop[0].ram.r/s3_init.ram/spram.ram.B>:<RAMB16_RAMB16B>.
WARNING:PhysDesignRules:812 - Dangling pin <DOB6> on
   block:<E/U0/xst_blk_mem_generator/gnativebmg.native_blk_mem_gen/valid.cstr/ra
   mloop[0].ram.r/s3_init.ram/spram.ram.B>:<RAMB16_RAMB16B>.
WARNING:PhysDesignRules:812 - Dangling pin <DOB7> on
   block:<E/U0/xst_blk_mem_generator/gnativebmg.native_blk_mem_gen/valid.cstr/ra
   mloop[0].ram.r/s3_init.ram/spram.ram.B>:<RAMB16_RAMB16B>.
WARNING:PhysDesignRules:812 - Dangling pin <DOB9> on
   block:<E/U0/xst_blk_mem_generator/gnativebmg.native_blk_mem_gen/valid.cstr/ra
   mloop[0].ram.r/s3_init.ram/spram.ram.B>:<RAMB16_RAMB16B>.
WARNING:PhysDesignRules:812 - Dangling pin <DOB10> on
   block:<E/U0/xst_blk_mem_generator/gnativebmg.native_blk_mem_gen/valid.cstr/ra
   mloop[0].ram.r/s3_init.ram/spram.ram.B>:<RAMB16_RAMB16B>.
WARNING:PhysDesignRules:812 - Dangling pin <DOB11> on
   block:<E/U0/xst_blk_mem_generator/gnativebmg.native_blk_mem_gen/valid.cstr/ra
   mloop[0].ram.r/s3_init.ram/spram.ram.B>:<RAMB16_RAMB16B>.
WARNING:PhysDesignRules:812 - Dangling pin <DOB12> on
   block:<E/U0/xst_blk_mem_generator/gnativebmg.native_blk_mem_gen/valid.cstr/ra
   mloop[0].ram.r/s3_init.ram/spram.ram.B>:<RAMB16_RAMB16B>.
WARNING:PhysDesignRules:812 - Dangling pin <DOB13> on
   block:<E/U0/xst_blk_mem_generator/gnativebmg.native_blk_mem_gen/valid.cstr/ra
   mloop[0].ram.r/s3_init.ram/spram.ram.B>:<RAMB16_RAMB16B>.
WARNING:PhysDesignRules:812 - Dangling pin <DOB14> on
   block:<E/U0/xst_blk_mem_generator/gnativebmg.native_blk_mem_gen/valid.cstr/ra
   mloop[0].ram.r/s3_init.ram/spram.ram.B>:<RAMB16_RAMB16B>.
WARNING:PhysDesignRules:812 - Dangling pin <DOB15> on
   block:<E/U0/xst_blk_mem_generator/gnativebmg.native_blk_mem_gen/valid.cstr/ra
   mloop[0].ram.r/s3_init.ram/spram.ram.B>:<RAMB16_RAMB16B>.
WARNING:PhysDesignRules:812 - Dangling pin <DOB17> on
   block:<E/U0/xst_blk_mem_generator/gnativebmg.native_blk_mem_gen/valid.cstr/ra
   mloop[0].ram.r/s3_init.ram/spram.ram.B>:<RAMB16_RAMB16B>.
WARNING:PhysDesignRules:812 - Dangling pin <DOB18> on
   block:<E/U0/xst_blk_mem_generator/gnativebmg.native_blk_mem_gen/valid.cstr/ra
   mloop[0].ram.r/s3_init.ram/spram.ram.B>:<RAMB16_RAMB16B>.
WARNING:PhysDesignRules:812 - Dangling pin <DOB19> on
   block:<E/U0/xst_blk_mem_generator/gnativebmg.native_blk_mem_gen/valid.cstr/ra
   mloop[0].ram.r/s3_init.ram/spram.ram.B>:<RAMB16_RAMB16B>.
WARNING:PhysDesignRules:812 - Dangling pin <DOB20> on
   block:<E/U0/xst_blk_mem_generator/gnativebmg.native_blk_mem_gen/valid.cstr/ra
   mloop[0].ram.r/s3_init.ram/spram.ram.B>:<RAMB16_RAMB16B>.
WARNING:PhysDesignRules:812 - Dangling pin <DOB21> on
   block:<E/U0/xst_blk_mem_generator/gnativebmg.native_blk_mem_gen/valid.cstr/ra
   mloop[0].ram.r/s3_init.ram/spram.ram.B>:<RAMB16_RAMB16B>.
WARNING:PhysDesignRules:812 - Dangling pin <DOB22> on
   block:<E/U0/xst_blk_mem_generator/gnativebmg.native_blk_mem_gen/valid.cstr/ra
   mloop[0].ram.r/s3_init.ram/spram.ram.B>:<RAMB16_RAMB16B>.
WARNING:PhysDesignRules:812 - Dangling pin <DOB23> on
   block:<E/U0/xst_blk_mem_generator/gnativebmg.native_blk_mem_gen/valid.cstr/ra
   mloop[0].ram.r/s3_init.ram/spram.ram.B>:<RAMB16_RAMB16B>.
WARNING:PhysDesignRules:812 - Dangling pin <DOB25> on
   block:<E/U0/xst_blk_mem_generator/gnativebmg.native_blk_mem_gen/valid.cstr/ra
   mloop[0].ram.r/s3_init.ram/spram.ram.B>:<RAMB16_RAMB16B>.
WARNING:PhysDesignRules:812 - Dangling pin <DOB26> on
   block:<E/U0/xst_blk_mem_generator/gnativebmg.native_blk_mem_gen/valid.cstr/ra
   mloop[0].ram.r/s3_init.ram/spram.ram.B>:<RAMB16_RAMB16B>.
WARNING:PhysDesignRules:812 - Dangling pin <DOB27> on
   block:<E/U0/xst_blk_mem_generator/gnativebmg.native_blk_mem_gen/valid.cstr/ra
   mloop[0].ram.r/s3_init.ram/spram.ram.B>:<RAMB16_RAMB16B>.
WARNING:PhysDesignRules:812 - Dangling pin <DOB28> on
   block:<E/U0/xst_blk_mem_generator/gnativebmg.native_blk_mem_gen/valid.cstr/ra
   mloop[0].ram.r/s3_init.ram/spram.ram.B>:<RAMB16_RAMB16B>.
WARNING:PhysDesignRules:812 - Dangling pin <DOB29> on
   block:<E/U0/xst_blk_mem_generator/gnativebmg.native_blk_mem_gen/valid.cstr/ra
   mloop[0].ram.r/s3_init.ram/spram.ram.B>:<RAMB16_RAMB16B>.
WARNING:PhysDesignRules:812 - Dangling pin <DOB30> on
   block:<E/U0/xst_blk_mem_generator/gnativebmg.native_blk_mem_gen/valid.cstr/ra
   mloop[0].ram.r/s3_init.ram/spram.ram.B>:<RAMB16_RAMB16B>.
WARNING:PhysDesignRules:812 - Dangling pin <DOB31> on
   block:<E/U0/xst_blk_mem_generator/gnativebmg.native_blk_mem_gen/valid.cstr/ra
   mloop[0].ram.r/s3_init.ram/spram.ram.B>:<RAMB16_RAMB16B>.
WARNING:PhysDesignRules:812 - Dangling pin <DOB1> on
   block:<D/U0/xst_blk_mem_generator/gnativebmg.native_blk_mem_gen/valid.cstr/ra
   mloop[0].ram.r/s3_init.ram/spram.ram.B>:<RAMB16_RAMB16B>.
WARNING:PhysDesignRules:812 - Dangling pin <DOB2> on
   block:<D/U0/xst_blk_mem_generator/gnativebmg.native_blk_mem_gen/valid.cstr/ra
   mloop[0].ram.r/s3_init.ram/spram.ram.B>:<RAMB16_RAMB16B>.
WARNING:PhysDesignRules:812 - Dangling pin <DOB3> on
   block:<D/U0/xst_blk_mem_generator/gnativebmg.native_blk_mem_gen/valid.cstr/ra
   mloop[0].ram.r/s3_init.ram/spram.ram.B>:<RAMB16_RAMB16B>.
WARNING:PhysDesignRules:812 - Dangling pin <DOB4> on
   block:<D/U0/xst_blk_mem_generator/gnativebmg.native_blk_mem_gen/valid.cstr/ra
   mloop[0].ram.r/s3_init.ram/spram.ram.B>:<RAMB16_RAMB16B>.
WARNING:PhysDesignRules:812 - Dangling pin <DOB5> on
   block:<D/U0/xst_blk_mem_generator/gnativebmg.native_blk_mem_gen/valid.cstr/ra
   mloop[0].ram.r/s3_init.ram/spram.ram.B>:<RAMB16_RAMB16B>.
WARNING:PhysDesignRules:812 - Dangling pin <DOB6> on
   block:<D/U0/xst_blk_mem_generator/gnativebmg.native_blk_mem_gen/valid.cstr/ra
   mloop[0].ram.r/s3_init.ram/spram.ram.B>:<RAMB16_RAMB16B>.
WARNING:PhysDesignRules:812 - Dangling pin <DOB7> on
   block:<D/U0/xst_blk_mem_generator/gnativebmg.native_blk_mem_gen/valid.cstr/ra
   mloop[0].ram.r/s3_init.ram/spram.ram.B>:<RAMB16_RAMB16B>.
WARNING:PhysDesignRules:812 - Dangling pin <DOB9> on
   block:<D/U0/xst_blk_mem_generator/gnativebmg.native_blk_mem_gen/valid.cstr/ra
   mloop[0].ram.r/s3_init.ram/spram.ram.B>:<RAMB16_RAMB16B>.
WARNING:PhysDesignRules:812 - Dangling pin <DOB10> on
   block:<D/U0/xst_blk_mem_generator/gnativebmg.native_blk_mem_gen/valid.cstr/ra
   mloop[0].ram.r/s3_init.ram/spram.ram.B>:<RAMB16_RAMB16B>.
WARNING:PhysDesignRules:812 - Dangling pin <DOB11> on
   block:<D/U0/xst_blk_mem_generator/gnativebmg.native_blk_mem_gen/valid.cstr/ra
   mloop[0].ram.r/s3_init.ram/spram.ram.B>:<RAMB16_RAMB16B>.
WARNING:PhysDesignRules:812 - Dangling pin <DOB12> on
   block:<D/U0/xst_blk_mem_generator/gnativebmg.native_blk_mem_gen/valid.cstr/ra
   mloop[0].ram.r/s3_init.ram/spram.ram.B>:<RAMB16_RAMB16B>.
WARNING:PhysDesignRules:812 - Dangling pin <DOB13> on
   block:<D/U0/xst_blk_mem_generator/gnativebmg.native_blk_mem_gen/valid.cstr/ra
   mloop[0].ram.r/s3_init.ram/spram.ram.B>:<RAMB16_RAMB16B>.
WARNING:PhysDesignRules:812 - Dangling pin <DOB14> on
   block:<D/U0/xst_blk_mem_generator/gnativebmg.native_blk_mem_gen/valid.cstr/ra
   mloop[0].ram.r/s3_init.ram/spram.ram.B>:<RAMB16_RAMB16B>.
WARNING:PhysDesignRules:812 - Dangling pin <DOB15> on
   block:<D/U0/xst_blk_mem_generator/gnativebmg.native_blk_mem_gen/valid.cstr/ra
   mloop[0].ram.r/s3_init.ram/spram.ram.B>:<RAMB16_RAMB16B>.
WARNING:PhysDesignRules:812 - Dangling pin <DOB17> on
   block:<D/U0/xst_blk_mem_generator/gnativebmg.native_blk_mem_gen/valid.cstr/ra
   mloop[0].ram.r/s3_init.ram/spram.ram.B>:<RAMB16_RAMB16B>.
WARNING:PhysDesignRules:812 - Dangling pin <DOB18> on
   block:<D/U0/xst_blk_mem_generator/gnativebmg.native_blk_mem_gen/valid.cstr/ra
   mloop[0].ram.r/s3_init.ram/spram.ram.B>:<RAMB16_RAMB16B>.
WARNING:PhysDesignRules:812 - Dangling pin <DOB19> on
   block:<D/U0/xst_blk_mem_generator/gnativebmg.native_blk_mem_gen/valid.cstr/ra
   mloop[0].ram.r/s3_init.ram/spram.ram.B>:<RAMB16_RAMB16B>.
WARNING:PhysDesignRules:812 - Dangling pin <DOB20> on
   block:<D/U0/xst_blk_mem_generator/gnativebmg.native_blk_mem_gen/valid.cstr/ra
   mloop[0].ram.r/s3_init.ram/spram.ram.B>:<RAMB16_RAMB16B>.
WARNING:PhysDesignRules:812 - Dangling pin <DOB21> on
   block:<D/U0/xst_blk_mem_generator/gnativebmg.native_blk_mem_gen/valid.cstr/ra
   mloop[0].ram.r/s3_init.ram/spram.ram.B>:<RAMB16_RAMB16B>.
WARNING:PhysDesignRules:812 - Dangling pin <DOB22> on
   block:<D/U0/xst_blk_mem_generator/gnativebmg.native_blk_mem_gen/valid.cstr/ra
   mloop[0].ram.r/s3_init.ram/spram.ram.B>:<RAMB16_RAMB16B>.
WARNING:PhysDesignRules:812 - Dangling pin <DOB23> on
   block:<D/U0/xst_blk_mem_generator/gnativebmg.native_blk_mem_gen/valid.cstr/ra
   mloop[0].ram.r/s3_init.ram/spram.ram.B>:<RAMB16_RAMB16B>.
WARNING:PhysDesignRules:812 - Dangling pin <DOB25> on
   block:<D/U0/xst_blk_mem_generator/gnativebmg.native_blk_mem_gen/valid.cstr/ra
   mloop[0].ram.r/s3_init.ram/spram.ram.B>:<RAMB16_RAMB16B>.
WARNING:PhysDesignRules:812 - Dangling pin <DOB26> on
   block:<D/U0/xst_blk_mem_generator/gnativebmg.native_blk_mem_gen/valid.cstr/ra
   mloop[0].ram.r/s3_init.ram/spram.ram.B>:<RAMB16_RAMB16B>.
WARNING:PhysDesignRules:812 - Dangling pin <DOB27> on
   block:<D/U0/xst_blk_mem_generator/gnativebmg.native_blk_mem_gen/valid.cstr/ra
   mloop[0].ram.r/s3_init.ram/spram.ram.B>:<RAMB16_RAMB16B>.
WARNING:PhysDesignRules:812 - Dangling pin <DOB28> on
   block:<D/U0/xst_blk_mem_generator/gnativebmg.native_blk_mem_gen/valid.cstr/ra
   mloop[0].ram.r/s3_init.ram/spram.ram.B>:<RAMB16_RAMB16B>.
WARNING:PhysDesignRules:812 - Dangling pin <DOB29> on
   block:<D/U0/xst_blk_mem_generator/gnativebmg.native_blk_mem_gen/valid.cstr/ra
   mloop[0].ram.r/s3_init.ram/spram.ram.B>:<RAMB16_RAMB16B>.
WARNING:PhysDesignRules:812 - Dangling pin <DOB30> on
   block:<D/U0/xst_blk_mem_generator/gnativebmg.native_blk_mem_gen/valid.cstr/ra
   mloop[0].ram.r/s3_init.ram/spram.ram.B>:<RAMB16_RAMB16B>.
WARNING:PhysDesignRules:812 - Dangling pin <DOB31> on
   block:<D/U0/xst_blk_mem_generator/gnativebmg.native_blk_mem_gen/valid.cstr/ra
   mloop[0].ram.r/s3_init.ram/spram.ram.B>:<RAMB16_RAMB16B>.
WARNING:PhysDesignRules:812 - Dangling pin <DOB1> on
   block:<C/U0/xst_blk_mem_generator/gnativebmg.native_blk_mem_gen/valid.cstr/ra
   mloop[0].ram.r/s3_init.ram/spram.ram.B>:<RAMB16_RAMB16B>.
WARNING:PhysDesignRules:812 - Dangling pin <DOB2> on
   block:<C/U0/xst_blk_mem_generator/gnativebmg.native_blk_mem_gen/valid.cstr/ra
   mloop[0].ram.r/s3_init.ram/spram.ram.B>:<RAMB16_RAMB16B>.
WARNING:PhysDesignRules:812 - Dangling pin <DOB3> on
   block:<C/U0/xst_blk_mem_generator/gnativebmg.native_blk_mem_gen/valid.cstr/ra
   mloop[0].ram.r/s3_init.ram/spram.ram.B>:<RAMB16_RAMB16B>.
WARNING:PhysDesignRules:812 - Dangling pin <DOB4> on
   block:<C/U0/xst_blk_mem_generator/gnativebmg.native_blk_mem_gen/valid.cstr/ra
   mloop[0].ram.r/s3_init.ram/spram.ram.B>:<RAMB16_RAMB16B>.
WARNING:PhysDesignRules:812 - Dangling pin <DOB5> on
   block:<C/U0/xst_blk_mem_generator/gnativebmg.native_blk_mem_gen/valid.cstr/ra
   mloop[0].ram.r/s3_init.ram/spram.ram.B>:<RAMB16_RAMB16B>.
WARNING:PhysDesignRules:812 - Dangling pin <DOB6> on
   block:<C/U0/xst_blk_mem_generator/gnativebmg.native_blk_mem_gen/valid.cstr/ra
   mloop[0].ram.r/s3_init.ram/spram.ram.B>:<RAMB16_RAMB16B>.
WARNING:PhysDesignRules:812 - Dangling pin <DOB7> on
   block:<C/U0/xst_blk_mem_generator/gnativebmg.native_blk_mem_gen/valid.cstr/ra
   mloop[0].ram.r/s3_init.ram/spram.ram.B>:<RAMB16_RAMB16B>.
WARNING:PhysDesignRules:812 - Dangling pin <DOB9> on
   block:<C/U0/xst_blk_mem_generator/gnativebmg.native_blk_mem_gen/valid.cstr/ra
   mloop[0].ram.r/s3_init.ram/spram.ram.B>:<RAMB16_RAMB16B>.
WARNING:PhysDesignRules:812 - Dangling pin <DOB10> on
   block:<C/U0/xst_blk_mem_generator/gnativebmg.native_blk_mem_gen/valid.cstr/ra
   mloop[0].ram.r/s3_init.ram/spram.ram.B>:<RAMB16_RAMB16B>.
WARNING:PhysDesignRules:812 - Dangling pin <DOB11> on
   block:<C/U0/xst_blk_mem_generator/gnativebmg.native_blk_mem_gen/valid.cstr/ra
   mloop[0].ram.r/s3_init.ram/spram.ram.B>:<RAMB16_RAMB16B>.
WARNING:PhysDesignRules:812 - Dangling pin <DOB12> on
   block:<C/U0/xst_blk_mem_generator/gnativebmg.native_blk_mem_gen/valid.cstr/ra
   mloop[0].ram.r/s3_init.ram/spram.ram.B>:<RAMB16_RAMB16B>.
WARNING:PhysDesignRules:812 - Dangling pin <DOB13> on
   block:<C/U0/xst_blk_mem_generator/gnativebmg.native_blk_mem_gen/valid.cstr/ra
   mloop[0].ram.r/s3_init.ram/spram.ram.B>:<RAMB16_RAMB16B>.
WARNING:PhysDesignRules:812 - Dangling pin <DOB14> on
   block:<C/U0/xst_blk_mem_generator/gnativebmg.native_blk_mem_gen/valid.cstr/ra
   mloop[0].ram.r/s3_init.ram/spram.ram.B>:<RAMB16_RAMB16B>.
WARNING:PhysDesignRules:812 - Dangling pin <DOB15> on
   block:<C/U0/xst_blk_mem_generator/gnativebmg.native_blk_mem_gen/valid.cstr/ra
   mloop[0].ram.r/s3_init.ram/spram.ram.B>:<RAMB16_RAMB16B>.
WARNING:PhysDesignRules:812 - Dangling pin <DOB17> on
   block:<C/U0/xst_blk_mem_generator/gnativebmg.native_blk_mem_gen/valid.cstr/ra
   mloop[0].ram.r/s3_init.ram/spram.ram.B>:<RAMB16_RAMB16B>.
WARNING:PhysDesignRules:812 - Dangling pin <DOB18> on
   block:<C/U0/xst_blk_mem_generator/gnativebmg.native_blk_mem_gen/valid.cstr/ra
   mloop[0].ram.r/s3_init.ram/spram.ram.B>:<RAMB16_RAMB16B>.
WARNING:PhysDesignRules:812 - Dangling pin <DOB19> on
   block:<C/U0/xst_blk_mem_generator/gnativebmg.native_blk_mem_gen/valid.cstr/ra
   mloop[0].ram.r/s3_init.ram/spram.ram.B>:<RAMB16_RAMB16B>.
WARNING:PhysDesignRules:812 - Dangling pin <DOB20> on
   block:<C/U0/xst_blk_mem_generator/gnativebmg.native_blk_mem_gen/valid.cstr/ra
   mloop[0].ram.r/s3_init.ram/spram.ram.B>:<RAMB16_RAMB16B>.
WARNING:PhysDesignRules:812 - Dangling pin <DOB21> on
   block:<C/U0/xst_blk_mem_generator/gnativebmg.native_blk_mem_gen/valid.cstr/ra
   mloop[0].ram.r/s3_init.ram/spram.ram.B>:<RAMB16_RAMB16B>.
WARNING:PhysDesignRules:812 - Dangling pin <DOB22> on
   block:<C/U0/xst_blk_mem_generator/gnativebmg.native_blk_mem_gen/valid.cstr/ra
   mloop[0].ram.r/s3_init.ram/spram.ram.B>:<RAMB16_RAMB16B>.
WARNING:PhysDesignRules:812 - Dangling pin <DOB23> on
   block:<C/U0/xst_blk_mem_generator/gnativebmg.native_blk_mem_gen/valid.cstr/ra
   mloop[0].ram.r/s3_init.ram/spram.ram.B>:<RAMB16_RAMB16B>.
WARNING:PhysDesignRules:812 - Dangling pin <DOB25> on
   block:<C/U0/xst_blk_mem_generator/gnativebmg.native_blk_mem_gen/valid.cstr/ra
   mloop[0].ram.r/s3_init.ram/spram.ram.B>:<RAMB16_RAMB16B>.
WARNING:PhysDesignRules:812 - Dangling pin <DOB26> on
   block:<C/U0/xst_blk_mem_generator/gnativebmg.native_blk_mem_gen/valid.cstr/ra
   mloop[0].ram.r/s3_init.ram/spram.ram.B>:<RAMB16_RAMB16B>.
WARNING:PhysDesignRules:812 - Dangling pin <DOB27> on
   block:<C/U0/xst_blk_mem_generator/gnativebmg.native_blk_mem_gen/valid.cstr/ra
   mloop[0].ram.r/s3_init.ram/spram.ram.B>:<RAMB16_RAMB16B>.
WARNING:PhysDesignRules:812 - Dangling pin <DOB28> on
   block:<C/U0/xst_blk_mem_generator/gnativebmg.native_blk_mem_gen/valid.cstr/ra
   mloop[0].ram.r/s3_init.ram/spram.ram.B>:<RAMB16_RAMB16B>.
WARNING:PhysDesignRules:812 - Dangling pin <DOB29> on
   block:<C/U0/xst_blk_mem_generator/gnativebmg.native_blk_mem_gen/valid.cstr/ra
   mloop[0].ram.r/s3_init.ram/spram.ram.B>:<RAMB16_RAMB16B>.
WARNING:PhysDesignRules:812 - Dangling pin <DOB30> on
   block:<C/U0/xst_blk_mem_generator/gnativebmg.native_blk_mem_gen/valid.cstr/ra
   mloop[0].ram.r/s3_init.ram/spram.ram.B>:<RAMB16_RAMB16B>.
WARNING:PhysDesignRules:812 - Dangling pin <DOB31> on
   block:<C/U0/xst_blk_mem_generator/gnativebmg.native_blk_mem_gen/valid.cstr/ra
   mloop[0].ram.r/s3_init.ram/spram.ram.B>:<RAMB16_RAMB16B>.
WARNING:PhysDesignRules:812 - Dangling pin <DOB1> on
   block:<B/U0/xst_blk_mem_generator/gnativebmg.native_blk_mem_gen/valid.cstr/ra
   mloop[0].ram.r/s3_init.ram/spram.ram.B>:<RAMB16_RAMB16B>.
WARNING:PhysDesignRules:812 - Dangling pin <DOB2> on
   block:<B/U0/xst_blk_mem_generator/gnativebmg.native_blk_mem_gen/valid.cstr/ra
   mloop[0].ram.r/s3_init.ram/spram.ram.B>:<RAMB16_RAMB16B>.
WARNING:PhysDesignRules:812 - Dangling pin <DOB3> on
   block:<B/U0/xst_blk_mem_generator/gnativebmg.native_blk_mem_gen/valid.cstr/ra
   mloop[0].ram.r/s3_init.ram/spram.ram.B>:<RAMB16_RAMB16B>.
WARNING:PhysDesignRules:812 - Dangling pin <DOB4> on
   block:<B/U0/xst_blk_mem_generator/gnativebmg.native_blk_mem_gen/valid.cstr/ra
   mloop[0].ram.r/s3_init.ram/spram.ram.B>:<RAMB16_RAMB16B>.
WARNING:PhysDesignRules:812 - Dangling pin <DOB5> on
   block:<B/U0/xst_blk_mem_generator/gnativebmg.native_blk_mem_gen/valid.cstr/ra
   mloop[0].ram.r/s3_init.ram/spram.ram.B>:<RAMB16_RAMB16B>.
WARNING:PhysDesignRules:812 - Dangling pin <DOB6> on
   block:<B/U0/xst_blk_mem_generator/gnativebmg.native_blk_mem_gen/valid.cstr/ra
   mloop[0].ram.r/s3_init.ram/spram.ram.B>:<RAMB16_RAMB16B>.
WARNING:PhysDesignRules:812 - Dangling pin <DOB7> on
   block:<B/U0/xst_blk_mem_generator/gnativebmg.native_blk_mem_gen/valid.cstr/ra
   mloop[0].ram.r/s3_init.ram/spram.ram.B>:<RAMB16_RAMB16B>.
WARNING:PhysDesignRules:812 - Dangling pin <DOB9> on
   block:<B/U0/xst_blk_mem_generator/gnativebmg.native_blk_mem_gen/valid.cstr/ra
   mloop[0].ram.r/s3_init.ram/spram.ram.B>:<RAMB16_RAMB16B>.
WARNING:PhysDesignRules:812 - Dangling pin <DOB10> on
   block:<B/U0/xst_blk_mem_generator/gnativebmg.native_blk_mem_gen/valid.cstr/ra
   mloop[0].ram.r/s3_init.ram/spram.ram.B>:<RAMB16_RAMB16B>.
WARNING:PhysDesignRules:812 - Dangling pin <DOB11> on
   block:<B/U0/xst_blk_mem_generator/gnativebmg.native_blk_mem_gen/valid.cstr/ra
   mloop[0].ram.r/s3_init.ram/spram.ram.B>:<RAMB16_RAMB16B>.
WARNING:PhysDesignRules:812 - Dangling pin <DOB12> on
   block:<B/U0/xst_blk_mem_generator/gnativebmg.native_blk_mem_gen/valid.cstr/ra
   mloop[0].ram.r/s3_init.ram/spram.ram.B>:<RAMB16_RAMB16B>.
WARNING:PhysDesignRules:812 - Dangling pin <DOB13> on
   block:<B/U0/xst_blk_mem_generator/gnativebmg.native_blk_mem_gen/valid.cstr/ra
   mloop[0].ram.r/s3_init.ram/spram.ram.B>:<RAMB16_RAMB16B>.
WARNING:PhysDesignRules:812 - Dangling pin <DOB14> on
   block:<B/U0/xst_blk_mem_generator/gnativebmg.native_blk_mem_gen/valid.cstr/ra
   mloop[0].ram.r/s3_init.ram/spram.ram.B>:<RAMB16_RAMB16B>.
WARNING:PhysDesignRules:812 - Dangling pin <DOB15> on
   block:<B/U0/xst_blk_mem_generator/gnativebmg.native_blk_mem_gen/valid.cstr/ra
   mloop[0].ram.r/s3_init.ram/spram.ram.B>:<RAMB16_RAMB16B>.
WARNING:PhysDesignRules:812 - Dangling pin <DOB17> on
   block:<B/U0/xst_blk_mem_generator/gnativebmg.native_blk_mem_gen/valid.cstr/ra
   mloop[0].ram.r/s3_init.ram/spram.ram.B>:<RAMB16_RAMB16B>.
WARNING:PhysDesignRules:812 - Dangling pin <DOB18> on
   block:<B/U0/xst_blk_mem_generator/gnativebmg.native_blk_mem_gen/valid.cstr/ra
   mloop[0].ram.r/s3_init.ram/spram.ram.B>:<RAMB16_RAMB16B>.
WARNING:PhysDesignRules:812 - Dangling pin <DOB19> on
   block:<B/U0/xst_blk_mem_generator/gnativebmg.native_blk_mem_gen/valid.cstr/ra
   mloop[0].ram.r/s3_init.ram/spram.ram.B>:<RAMB16_RAMB16B>.
WARNING:PhysDesignRules:812 - Dangling pin <DOB20> on
   block:<B/U0/xst_blk_mem_generator/gnativebmg.native_blk_mem_gen/valid.cstr/ra
   mloop[0].ram.r/s3_init.ram/spram.ram.B>:<RAMB16_RAMB16B>.
WARNING:PhysDesignRules:812 - Dangling pin <DOB21> on
   block:<B/U0/xst_blk_mem_generator/gnativebmg.native_blk_mem_gen/valid.cstr/ra
   mloop[0].ram.r/s3_init.ram/spram.ram.B>:<RAMB16_RAMB16B>.
WARNING:PhysDesignRules:812 - Dangling pin <DOB22> on
   block:<B/U0/xst_blk_mem_generator/gnativebmg.native_blk_mem_gen/valid.cstr/ra
   mloop[0].ram.r/s3_init.ram/spram.ram.B>:<RAMB16_RAMB16B>.
WARNING:PhysDesignRules:812 - Dangling pin <DOB23> on
   block:<B/U0/xst_blk_mem_generator/gnativebmg.native_blk_mem_gen/valid.cstr/ra
   mloop[0].ram.r/s3_init.ram/spram.ram.B>:<RAMB16_RAMB16B>.
WARNING:PhysDesignRules:812 - Dangling pin <DOB25> on
   block:<B/U0/xst_blk_mem_generator/gnativebmg.native_blk_mem_gen/valid.cstr/ra
   mloop[0].ram.r/s3_init.ram/spram.ram.B>:<RAMB16_RAMB16B>.
WARNING:PhysDesignRules:812 - Dangling pin <DOB26> on
   block:<B/U0/xst_blk_mem_generator/gnativebmg.native_blk_mem_gen/valid.cstr/ra
   mloop[0].ram.r/s3_init.ram/spram.ram.B>:<RAMB16_RAMB16B>.
WARNING:PhysDesignRules:812 - Dangling pin <DOB27> on
   block:<B/U0/xst_blk_mem_generator/gnativebmg.native_blk_mem_gen/valid.cstr/ra
   mloop[0].ram.r/s3_init.ram/spram.ram.B>:<RAMB16_RAMB16B>.
WARNING:PhysDesignRules:812 - Dangling pin <DOB28> on
   block:<B/U0/xst_blk_mem_generator/gnativebmg.native_blk_mem_gen/valid.cstr/ra
   mloop[0].ram.r/s3_init.ram/spram.ram.B>:<RAMB16_RAMB16B>.
WARNING:PhysDesignRules:812 - Dangling pin <DOB29> on
   block:<B/U0/xst_blk_mem_generator/gnativebmg.native_blk_mem_gen/valid.cstr/ra
   mloop[0].ram.r/s3_init.ram/spram.ram.B>:<RAMB16_RAMB16B>.
WARNING:PhysDesignRules:812 - Dangling pin <DOB30> on
   block:<B/U0/xst_blk_mem_generator/gnativebmg.native_blk_mem_gen/valid.cstr/ra
   mloop[0].ram.r/s3_init.ram/spram.ram.B>:<RAMB16_RAMB16B>.
WARNING:PhysDesignRules:812 - Dangling pin <DOB31> on
   block:<B/U0/xst_blk_mem_generator/gnativebmg.native_blk_mem_gen/valid.cstr/ra
   mloop[0].ram.r/s3_init.ram/spram.ram.B>:<RAMB16_RAMB16B>.
WARNING:PhysDesignRules:812 - Dangling pin <DOB1> on
   block:<A/U0/xst_blk_mem_generator/gnativebmg.native_blk_mem_gen/valid.cstr/ra
   mloop[0].ram.r/s3_init.ram/spram.ram.B>:<RAMB16_RAMB16B>.
WARNING:PhysDesignRules:812 - Dangling pin <DOB2> on
   block:<A/U0/xst_blk_mem_generator/gnativebmg.native_blk_mem_gen/valid.cstr/ra
   mloop[0].ram.r/s3_init.ram/spram.ram.B>:<RAMB16_RAMB16B>.
WARNING:PhysDesignRules:812 - Dangling pin <DOB3> on
   block:<A/U0/xst_blk_mem_generator/gnativebmg.native_blk_mem_gen/valid.cstr/ra
   mloop[0].ram.r/s3_init.ram/spram.ram.B>:<RAMB16_RAMB16B>.
WARNING:PhysDesignRules:812 - Dangling pin <DOB4> on
   block:<A/U0/xst_blk_mem_generator/gnativebmg.native_blk_mem_gen/valid.cstr/ra
   mloop[0].ram.r/s3_init.ram/spram.ram.B>:<RAMB16_RAMB16B>.
WARNING:PhysDesignRules:812 - Dangling pin <DOB5> on
   block:<A/U0/xst_blk_mem_generator/gnativebmg.native_blk_mem_gen/valid.cstr/ra
   mloop[0].ram.r/s3_init.ram/spram.ram.B>:<RAMB16_RAMB16B>.
WARNING:PhysDesignRules:812 - Dangling pin <DOB6> on
   block:<A/U0/xst_blk_mem_generator/gnativebmg.native_blk_mem_gen/valid.cstr/ra
   mloop[0].ram.r/s3_init.ram/spram.ram.B>:<RAMB16_RAMB16B>.
WARNING:PhysDesignRules:812 - Dangling pin <DOB7> on
   block:<A/U0/xst_blk_mem_generator/gnativebmg.native_blk_mem_gen/valid.cstr/ra
   mloop[0].ram.r/s3_init.ram/spram.ram.B>:<RAMB16_RAMB16B>.
WARNING:PhysDesignRules:812 - Dangling pin <DOB9> on
   block:<A/U0/xst_blk_mem_generator/gnativebmg.native_blk_mem_gen/valid.cstr/ra
   mloop[0].ram.r/s3_init.ram/spram.ram.B>:<RAMB16_RAMB16B>.
WARNING:PhysDesignRules:812 - Dangling pin <DOB10> on
   block:<A/U0/xst_blk_mem_generator/gnativebmg.native_blk_mem_gen/valid.cstr/ra
   mloop[0].ram.r/s3_init.ram/spram.ram.B>:<RAMB16_RAMB16B>.
WARNING:PhysDesignRules:812 - Dangling pin <DOB11> on
   block:<A/U0/xst_blk_mem_generator/gnativebmg.native_blk_mem_gen/valid.cstr/ra
   mloop[0].ram.r/s3_init.ram/spram.ram.B>:<RAMB16_RAMB16B>.
WARNING:PhysDesignRules:812 - Dangling pin <DOB12> on
   block:<A/U0/xst_blk_mem_generator/gnativebmg.native_blk_mem_gen/valid.cstr/ra
   mloop[0].ram.r/s3_init.ram/spram.ram.B>:<RAMB16_RAMB16B>.
WARNING:PhysDesignRules:812 - Dangling pin <DOB13> on
   block:<A/U0/xst_blk_mem_generator/gnativebmg.native_blk_mem_gen/valid.cstr/ra
   mloop[0].ram.r/s3_init.ram/spram.ram.B>:<RAMB16_RAMB16B>.
WARNING:PhysDesignRules:812 - Dangling pin <DOB14> on
   block:<A/U0/xst_blk_mem_generator/gnativebmg.native_blk_mem_gen/valid.cstr/ra
   mloop[0].ram.r/s3_init.ram/spram.ram.B>:<RAMB16_RAMB16B>.
WARNING:PhysDesignRules:812 - Dangling pin <DOB15> on
   block:<A/U0/xst_blk_mem_generator/gnativebmg.native_blk_mem_gen/valid.cstr/ra
   mloop[0].ram.r/s3_init.ram/spram.ram.B>:<RAMB16_RAMB16B>.
WARNING:PhysDesignRules:812 - Dangling pin <DOB17> on
   block:<A/U0/xst_blk_mem_generator/gnativebmg.native_blk_mem_gen/valid.cstr/ra
   mloop[0].ram.r/s3_init.ram/spram.ram.B>:<RAMB16_RAMB16B>.
WARNING:PhysDesignRules:812 - Dangling pin <DOB18> on
   block:<A/U0/xst_blk_mem_generator/gnativebmg.native_blk_mem_gen/valid.cstr/ra
   mloop[0].ram.r/s3_init.ram/spram.ram.B>:<RAMB16_RAMB16B>.
WARNING:PhysDesignRules:812 - Dangling pin <DOB19> on
   block:<A/U0/xst_blk_mem_generator/gnativebmg.native_blk_mem_gen/valid.cstr/ra
   mloop[0].ram.r/s3_init.ram/spram.ram.B>:<RAMB16_RAMB16B>.
WARNING:PhysDesignRules:812 - Dangling pin <DOB20> on
   block:<A/U0/xst_blk_mem_generator/gnativebmg.native_blk_mem_gen/valid.cstr/ra
   mloop[0].ram.r/s3_init.ram/spram.ram.B>:<RAMB16_RAMB16B>.
WARNING:PhysDesignRules:812 - Dangling pin <DOB21> on
   block:<A/U0/xst_blk_mem_generator/gnativebmg.native_blk_mem_gen/valid.cstr/ra
   mloop[0].ram.r/s3_init.ram/spram.ram.B>:<RAMB16_RAMB16B>.
WARNING:PhysDesignRules:812 - Dangling pin <DOB22> on
   block:<A/U0/xst_blk_mem_generator/gnativebmg.native_blk_mem_gen/valid.cstr/ra
   mloop[0].ram.r/s3_init.ram/spram.ram.B>:<RAMB16_RAMB16B>.
WARNING:PhysDesignRules:812 - Dangling pin <DOB23> on
   block:<A/U0/xst_blk_mem_generator/gnativebmg.native_blk_mem_gen/valid.cstr/ra
   mloop[0].ram.r/s3_init.ram/spram.ram.B>:<RAMB16_RAMB16B>.
WARNING:PhysDesignRules:812 - Dangling pin <DOB25> on
   block:<A/U0/xst_blk_mem_generator/gnativebmg.native_blk_mem_gen/valid.cstr/ra
   mloop[0].ram.r/s3_init.ram/spram.ram.B>:<RAMB16_RAMB16B>.
WARNING:PhysDesignRules:812 - Dangling pin <DOB26> on
   block:<A/U0/xst_blk_mem_generator/gnativebmg.native_blk_mem_gen/valid.cstr/ra
   mloop[0].ram.r/s3_init.ram/spram.ram.B>:<RAMB16_RAMB16B>.
WARNING:PhysDesignRules:812 - Dangling pin <DOB27> on
   block:<A/U0/xst_blk_mem_generator/gnativebmg.native_blk_mem_gen/valid.cstr/ra
   mloop[0].ram.r/s3_init.ram/spram.ram.B>:<RAMB16_RAMB16B>.
WARNING:PhysDesignRules:812 - Dangling pin <DOB28> on
   block:<A/U0/xst_blk_mem_generator/gnativebmg.native_blk_mem_gen/valid.cstr/ra
   mloop[0].ram.r/s3_init.ram/spram.ram.B>:<RAMB16_RAMB16B>.
WARNING:PhysDesignRules:812 - Dangling pin <DOB29> on
   block:<A/U0/xst_blk_mem_generator/gnativebmg.native_blk_mem_gen/valid.cstr/ra
   mloop[0].ram.r/s3_init.ram/spram.ram.B>:<RAMB16_RAMB16B>.
WARNING:PhysDesignRules:812 - Dangling pin <DOB30> on
   block:<A/U0/xst_blk_mem_generator/gnativebmg.native_blk_mem_gen/valid.cstr/ra
   mloop[0].ram.r/s3_init.ram/spram.ram.B>:<RAMB16_RAMB16B>.
WARNING:PhysDesignRules:812 - Dangling pin <DOB31> on
   block:<A/U0/xst_blk_mem_generator/gnativebmg.native_blk_mem_gen/valid.cstr/ra
   mloop[0].ram.r/s3_init.ram/spram.ram.B>:<RAMB16_RAMB16B>.

Section 3 - Informational
-------------------------
INFO:MapLib:562 - No environment variables are currently set.
INFO:MapLib:159 - Net Timing constraints on signal CLK are pushed forward
   through input buffer.
INFO:LIT:244 - All of the single ended outputs in this design are using slew
   rate limited output drivers. The delay on speed critical single ended outputs
   can be dramatically reduced by designating them as fast outputs.

Section 4 - Removed Logic Summary
---------------------------------
  63 block(s) removed
  20 block(s) optimized away
  63 signal(s) removed

Section 5 - Removed Logic
-------------------------

The trimmed logic report below shows the logic removed from your design due to
sourceless or loadless signals, and VCC or ground connections.  If the removal
of a signal or symbol results in the subsequent removal of an additional signal
or symbol, the message explaining that second removal will be indented.  This
indentation will be repeated as a chain of related logic is removed.

To quickly locate the original cause for the removal of a chain of logic, look
above the place where that logic is listed in the trimming report, then locate
the lines that are least indented (begin at the leftmost edge).

The signal "counter30bit/q<29>" is sourceless and has been removed.
 Sourceless block "counter30bit/blk00000001/blk00000006" (XOR) removed.
  The signal "counter30bit/blk00000001/sig00000071" is sourceless and has been
removed.
   Sourceless block "counter30bit/blk00000001/blk0000005c" (FF) removed.
The signal "counter30bit/q<28>" is sourceless and has been removed.
 Sourceless block "counter30bit/blk00000001/blk00000078" (ROM) removed.
  The signal "counter30bit/blk00000001/sig00000053" is sourceless and has been
removed.
   Sourceless block "counter30bit/blk00000001/blk0000003d" (MUX) removed.
    The signal "counter30bit/blk00000001/sig00000018" is sourceless and has been
removed.
   Sourceless block "counter30bit/blk00000001/blk0000003e" (XOR) removed.
    The signal "counter30bit/blk00000001/sig00000070" is sourceless and has been
removed.
     Sourceless block "counter30bit/blk00000001/blk0000005b" (FF) removed.
The signal "counter30bit/q<27>" is sourceless and has been removed.
 Sourceless block "counter30bit/blk00000001/blk00000077" (ROM) removed.
  The signal "counter30bit/blk00000001/sig00000052" is sourceless and has been
removed.
   Sourceless block "counter30bit/blk00000001/blk0000003b" (MUX) removed.
    The signal "counter30bit/blk00000001/sig00000017" is sourceless and has been
removed.
   Sourceless block "counter30bit/blk00000001/blk0000003c" (XOR) removed.
    The signal "counter30bit/blk00000001/sig0000006f" is sourceless and has been
removed.
     Sourceless block "counter30bit/blk00000001/blk0000005a" (FF) removed.
The signal "counter30bit/q<26>" is sourceless and has been removed.
 Sourceless block "counter30bit/blk00000001/blk00000076" (ROM) removed.
  The signal "counter30bit/blk00000001/sig00000051" is sourceless and has been
removed.
   Sourceless block "counter30bit/blk00000001/blk00000039" (MUX) removed.
    The signal "counter30bit/blk00000001/sig00000016" is sourceless and has been
removed.
   Sourceless block "counter30bit/blk00000001/blk0000003a" (XOR) removed.
    The signal "counter30bit/blk00000001/sig0000006e" is sourceless and has been
removed.
     Sourceless block "counter30bit/blk00000001/blk00000059" (FF) removed.
The signal "counter30bit/q<25>" is sourceless and has been removed.
 Sourceless block "counter30bit/blk00000001/blk00000075" (ROM) removed.
  The signal "counter30bit/blk00000001/sig00000050" is sourceless and has been
removed.
   Sourceless block "counter30bit/blk00000001/blk00000037" (MUX) removed.
    The signal "counter30bit/blk00000001/sig00000015" is sourceless and has been
removed.
   Sourceless block "counter30bit/blk00000001/blk00000038" (XOR) removed.
    The signal "counter30bit/blk00000001/sig0000006d" is sourceless and has been
removed.
     Sourceless block "counter30bit/blk00000001/blk00000058" (FF) removed.
The signal "counter30bit/q<24>" is sourceless and has been removed.
 Sourceless block "counter30bit/blk00000001/blk00000074" (ROM) removed.
  The signal "counter30bit/blk00000001/sig0000004f" is sourceless and has been
removed.
   Sourceless block "counter30bit/blk00000001/blk00000035" (MUX) removed.
    The signal "counter30bit/blk00000001/sig00000014" is sourceless and has been
removed.
   Sourceless block "counter30bit/blk00000001/blk00000036" (XOR) removed.
    The signal "counter30bit/blk00000001/sig0000006c" is sourceless and has been
removed.
     Sourceless block "counter30bit/blk00000001/blk00000057" (FF) removed.
The signal "counter30bit/q<23>" is sourceless and has been removed.
 Sourceless block "counter30bit/blk00000001/blk00000073" (ROM) removed.
  The signal "counter30bit/blk00000001/sig0000004e" is sourceless and has been
removed.
   Sourceless block "counter30bit/blk00000001/blk00000033" (MUX) removed.
    The signal "counter30bit/blk00000001/sig00000013" is sourceless and has been
removed.
   Sourceless block "counter30bit/blk00000001/blk00000034" (XOR) removed.
    The signal "counter30bit/blk00000001/sig0000006b" is sourceless and has been
removed.
     Sourceless block "counter30bit/blk00000001/blk00000056" (FF) removed.
The signal "counter30bit/q<22>" is sourceless and has been removed.
 Sourceless block "counter30bit/blk00000001/blk00000072" (ROM) removed.
  The signal "counter30bit/blk00000001/sig0000004d" is sourceless and has been
removed.
   Sourceless block "counter30bit/blk00000001/blk00000031" (MUX) removed.
    The signal "counter30bit/blk00000001/sig00000012" is sourceless and has been
removed.
   Sourceless block "counter30bit/blk00000001/blk00000032" (XOR) removed.
    The signal "counter30bit/blk00000001/sig0000006a" is sourceless and has been
removed.
     Sourceless block "counter30bit/blk00000001/blk00000055" (FF) removed.
The signal "counter30bit/q<21>" is sourceless and has been removed.
 Sourceless block "counter30bit/blk00000001/blk00000071" (ROM) removed.
  The signal "counter30bit/blk00000001/sig0000004c" is sourceless and has been
removed.
   Sourceless block "counter30bit/blk00000001/blk0000002f" (MUX) removed.
    The signal "counter30bit/blk00000001/sig00000011" is sourceless and has been
removed.
   Sourceless block "counter30bit/blk00000001/blk00000030" (XOR) removed.
    The signal "counter30bit/blk00000001/sig00000069" is sourceless and has been
removed.
     Sourceless block "counter30bit/blk00000001/blk00000054" (FF) removed.
The signal "counter30bit/q<20>" is sourceless and has been removed.
 Sourceless block "counter30bit/blk00000001/blk00000070" (ROM) removed.
  The signal "counter30bit/blk00000001/sig0000004b" is sourceless and has been
removed.
   Sourceless block "counter30bit/blk00000001/blk0000002d" (MUX) removed.
    The signal "counter30bit/blk00000001/sig00000010" is sourceless and has been
removed.
   Sourceless block "counter30bit/blk00000001/blk0000002e" (XOR) removed.
    The signal "counter30bit/blk00000001/sig00000068" is sourceless and has been
removed.
     Sourceless block "counter30bit/blk00000001/blk00000053" (FF) removed.
The signal "counter30bit/q<19>" is sourceless and has been removed.
 Sourceless block "counter30bit/blk00000001/blk0000006f" (ROM) removed.
  The signal "counter30bit/blk00000001/sig00000049" is sourceless and has been
removed.
   Sourceless block "counter30bit/blk00000001/blk0000002b" (MUX) removed.
    The signal "counter30bit/blk00000001/sig0000000e" is sourceless and has been
removed.
   Sourceless block "counter30bit/blk00000001/blk0000002c" (XOR) removed.
    The signal "counter30bit/blk00000001/sig00000066" is sourceless and has been
removed.
     Sourceless block "counter30bit/blk00000001/blk00000052" (FF) removed.
The signal "counter30bit/q<18>" is sourceless and has been removed.
 Sourceless block "counter30bit/blk00000001/blk0000006e" (ROM) removed.
  The signal "counter30bit/blk00000001/sig00000048" is sourceless and has been
removed.
   Sourceless block "counter30bit/blk00000001/blk00000029" (MUX) removed.
    The signal "counter30bit/blk00000001/sig0000000d" is sourceless and has been
removed.
   Sourceless block "counter30bit/blk00000001/blk0000002a" (XOR) removed.
    The signal "counter30bit/blk00000001/sig00000065" is sourceless and has been
removed.
     Sourceless block "counter30bit/blk00000001/blk00000051" (FF) removed.
The signal "counter30bit/q<17>" is sourceless and has been removed.
 Sourceless block "counter30bit/blk00000001/blk0000006d" (ROM) removed.
  The signal "counter30bit/blk00000001/sig00000047" is sourceless and has been
removed.
   Sourceless block "counter30bit/blk00000001/blk00000027" (MUX) removed.
    The signal "counter30bit/blk00000001/sig0000000c" is sourceless and has been
removed.
   Sourceless block "counter30bit/blk00000001/blk00000028" (XOR) removed.
    The signal "counter30bit/blk00000001/sig00000064" is sourceless and has been
removed.
     Sourceless block "counter30bit/blk00000001/blk00000050" (FF) removed.
The signal "counter30bit/q<16>" is sourceless and has been removed.
 Sourceless block "counter30bit/blk00000001/blk0000006c" (ROM) removed.
  The signal "counter30bit/blk00000001/sig00000046" is sourceless and has been
removed.
   Sourceless block "counter30bit/blk00000001/blk00000025" (MUX) removed.
    The signal "counter30bit/blk00000001/sig0000000b" is sourceless and has been
removed.
   Sourceless block "counter30bit/blk00000001/blk00000026" (XOR) removed.
    The signal "counter30bit/blk00000001/sig00000063" is sourceless and has been
removed.
     Sourceless block "counter30bit/blk00000001/blk0000004f" (FF) removed.
The signal "counter30bit/q<15>" is sourceless and has been removed.
 Sourceless block "counter30bit/blk00000001/blk0000006b" (ROM) removed.
  The signal "counter30bit/blk00000001/sig00000045" is sourceless and has been
removed.
   Sourceless block "counter30bit/blk00000001/blk00000023" (MUX) removed.
    The signal "counter30bit/blk00000001/sig0000000a" is sourceless and has been
removed.
   Sourceless block "counter30bit/blk00000001/blk00000024" (XOR) removed.
    The signal "counter30bit/blk00000001/sig00000062" is sourceless and has been
removed.
     Sourceless block "counter30bit/blk00000001/blk0000004e" (FF) removed.
The signal "counter30bit/q<14>" is sourceless and has been removed.
 Sourceless block "counter30bit/blk00000001/blk0000006a" (ROM) removed.
  The signal "counter30bit/blk00000001/sig00000044" is sourceless and has been
removed.
   Sourceless block "counter30bit/blk00000001/blk00000021" (MUX) removed.
    The signal "counter30bit/blk00000001/sig00000009" is sourceless and has been
removed.
   Sourceless block "counter30bit/blk00000001/blk00000022" (XOR) removed.
    The signal "counter30bit/blk00000001/sig00000061" is sourceless and has been
removed.
     Sourceless block "counter30bit/blk00000001/blk0000004d" (FF) removed.
The signal "counter30bit/blk00000001/sig00000008" is sourceless and has been
removed.
Unused block "counter30bit/blk00000001/blk0000001f" (MUX) removed.

Optimized Block(s):
TYPE 		BLOCK
GND 		A/XST_GND
VCC 		A/XST_VCC
GND 		Ahigh/XST_GND
VCC 		Ahigh/XST_VCC
GND 		B/XST_GND
VCC 		B/XST_VCC
GND 		C/XST_GND
VCC 		C/XST_VCC
GND 		D/XST_GND
VCC 		D/XST_VCC
GND 		E/XST_GND
VCC 		E/XST_VCC
GND 		F/XST_GND
VCC 		F/XST_VCC
GND 		G/XST_GND
VCC 		G/XST_VCC
GND 		XST_GND
VCC 		XST_VCC
GND 		counter30bit/blk00000001/blk00000002
VCC 		counter30bit/blk00000001/blk00000003

To enable printing of redundant blocks removed and signals merged, set the
detailed map report option and rerun map.

Section 6 - IOB Properties
--------------------------

+---------------------------------------------------------------------------------------------------------------------------------------------------------+
| IOB Name                           | Type             | Direction | IO Standard          | Diff  | Drive    | Slew | Reg (s)      | Resistor | IOB      |
|                                    |                  |           |                      | Term  | Strength | Rate |              |          | Delay    |
+---------------------------------------------------------------------------------------------------------------------------------------------------------+
| AUDIO                              | IOB              | OUTPUT    | LVTTL                |       | 12       | SLOW |              |          | 0 / 0    |
| CLK                                | IBUF             | INPUT     | LVTTL                |       |          |      |              |          | 0 / 0    |
| SWITCH<0>                          | IBUF             | INPUT     | LVTTL                |       |          |      |              |          | 0 / 0    |
| SWITCH<1>                          | IBUF             | INPUT     | LVTTL                |       |          |      |              |          | 0 / 0    |
| SWITCH<2>                          | IBUF             | INPUT     | LVTTL                |       |          |      |              |          | 0 / 0    |
| SWITCH<3>                          | IBUF             | INPUT     | LVTTL                |       |          |      |              |          | 0 / 0    |
| SWITCH<4>                          | IBUF             | INPUT     | LVTTL                |       |          |      |              |          | 0 / 0    |
| SWITCH<5>                          | IBUF             | INPUT     | LVTTL                |       |          |      |              |          | 0 / 0    |
| SWITCH<6>                          | IBUF             | INPUT     | LVTTL                |       |          |      |              |          | 0 / 0    |
| SWITCH<7>                          | IBUF             | INPUT     | LVTTL                |       |          |      |              |          | 0 / 0    |
+---------------------------------------------------------------------------------------------------------------------------------------------------------+

Section 7 - RPMs
----------------

Section 8 - Guide Report
------------------------
Guide not run on this design.

Section 9 - Area Group and Partition Summary
--------------------------------------------

Partition Implementation Status
-------------------------------

  No Partitions were found in this design.

-------------------------------

Area Group Information
----------------------

  No area groups were found in this design.

----------------------

Section 10 - Timing Report
--------------------------
This design was not run using timing mode.

Section 11 - Configuration String Details
-----------------------------------------
Use the "-detail" map option to print out Configuration Strings

Section 12 - Control Set Information
------------------------------------
No control set information for this architecture.

Section 13 - Utilization by Hierarchy
-------------------------------------
Use the "-detail" map option to print out the Utilization by Hierarchy section.
