--------------------------------------------------------------------------------
Release 14.7 Trace  (nt64)
Copyright (c) 1995-2013 Xilinx, Inc.  All rights reserved.

C:\Xilinx\14.7\ISE_DS\ISE\bin\nt64\unwrapped\trce.exe -intstyle ise -v 3 -s 5
-n 3 -fastpaths -xml AudioMain.twx AudioMain.ncd -o AudioMain.twr AudioMain.pcf
-ucf generic.ucf

Design file:              AudioMain.ncd
Physical constraint file: AudioMain.pcf
Device,package,speed:     xc3s250e,vq100,-5 (PRODUCTION 1.27 2013-10-13)
Report level:             verbose report

Environment Variable      Effect 
--------------------      ------ 
NONE                      No environment variables were set
--------------------------------------------------------------------------------

INFO:Timing:3412 - To improve timing, see the Timing Closure User Guide (UG612).
INFO:Timing:2752 - To get complete path coverage, use the unconstrained paths 
   option. All paths that are not constrained will be reported in the 
   unconstrained paths section(s) of the report.
INFO:Timing:3339 - The clock-to-out numbers in this timing report are based on 
   a 50 Ohm transmission line loading model.  For the details of this model, 
   and for more information on accounting for different loading conditions, 
   please see the device datasheet.
INFO:Timing:3390 - This architecture does not support a default System Jitter 
   value, please add SYSTEM_JITTER constraint to the UCF to modify the Clock 
   Uncertainty calculation.
INFO:Timing:3389 - This architecture does not support 'Discrete Jitter' and 
   'Phase Error' calculations, these terms will be zero in the Clock 
   Uncertainty calculation.  Please make appropriate modification to 
   SYSTEM_JITTER to account for the unsupported Discrete Jitter and Phase 
   Error.

================================================================================
Timing constraint: NET "CLK_BUFGP/IBUFG" PERIOD = 31.25 ns HIGH 50%;
For more information, see Period Analysis in the Timing Closure User Guide (UG612).

 1984 paths analyzed, 374 endpoints analyzed, 0 failing endpoints
 0 timing errors detected. (0 setup errors, 0 hold errors, 0 component switching limit errors)
 Minimum period is   5.372ns.
--------------------------------------------------------------------------------

Paths for end point AudioMux/count_2 (SLICE_X17Y46.SR), 30 paths
--------------------------------------------------------------------------------
Slack (setup path):     25.878ns (requirement - (data path - clock path skew + uncertainty))
  Source:               AudioMux/count_7 (FF)
  Destination:          AudioMux/count_2 (FF)
  Requirement:          31.250ns
  Data Path Delay:      5.372ns (Levels of Logic = 4)
  Clock Path Skew:      0.000ns
  Source Clock:         CLK_BUFGP rising at 0.000ns
  Destination Clock:    CLK_BUFGP rising at 31.250ns
  Clock Uncertainty:    0.000ns

  Maximum Data Path: AudioMux/count_7 to AudioMux/count_2
    Location             Delay type         Delay(ns)  Physical Resource
                                                       Logical Resource(s)
    -------------------------------------------------  -------------------
    SLICE_X17Y48.YQ      Tcko                  0.511   AudioMux/count<6>
                                                       AudioMux/count_7
    SLICE_X15Y51.F1      net (fanout=2)        0.959   AudioMux/count<7>
    SLICE_X15Y51.COUT    Topcyf                1.011   AudioMux/count_cmp_eq0000_wg_cy<1>
                                                       AudioMux/count_cmp_eq0000_wg_lut<0>
                                                       AudioMux/count_cmp_eq0000_wg_cy<0>
                                                       AudioMux/count_cmp_eq0000_wg_cy<1>
    SLICE_X15Y52.CIN     net (fanout=1)        0.000   AudioMux/count_cmp_eq0000_wg_cy<1>
    SLICE_X15Y52.COUT    Tbyp                  0.103   AudioMux/count_cmp_eq0000_wg_cy<3>
                                                       AudioMux/count_cmp_eq0000_wg_cy<2>
                                                       AudioMux/count_cmp_eq0000_wg_cy<3>
    SLICE_X15Y53.CIN     net (fanout=1)        0.000   AudioMux/count_cmp_eq0000_wg_cy<3>
    SLICE_X15Y53.COUT    Tbyp                  0.103   AudioMux/count_cmp_eq0000_wg_cy<5>
                                                       AudioMux/count_cmp_eq0000_wg_cy<4>
                                                       AudioMux/count_cmp_eq0000_wg_cy<5>
    SLICE_X15Y54.CIN     net (fanout=1)        0.000   AudioMux/count_cmp_eq0000_wg_cy<5>
    SLICE_X15Y54.COUT    Tbyp                  0.103   AudioMux/count_cmp_eq0000
                                                       AudioMux/count_cmp_eq0000_wg_cy<6>
                                                       AudioMux/count_cmp_eq0000_wg_cy<7>
    SLICE_X17Y46.SR      net (fanout=17)       1.788   AudioMux/count_cmp_eq0000
    SLICE_X17Y46.CLK     Tsrck                 0.794   AudioMux/count<2>
                                                       AudioMux/count_2
    -------------------------------------------------  ---------------------------
    Total                                      5.372ns (2.625ns logic, 2.747ns route)
                                                       (48.9% logic, 51.1% route)

--------------------------------------------------------------------------------
Slack (setup path):     26.084ns (requirement - (data path - clock path skew + uncertainty))
  Source:               AudioMux/count_3 (FF)
  Destination:          AudioMux/count_2 (FF)
  Requirement:          31.250ns
  Data Path Delay:      5.166ns (Levels of Logic = 2)
  Clock Path Skew:      0.000ns
  Source Clock:         CLK_BUFGP rising at 0.000ns
  Destination Clock:    CLK_BUFGP rising at 31.250ns
  Clock Uncertainty:    0.000ns

  Maximum Data Path: AudioMux/count_3 to AudioMux/count_2
    Location             Delay type         Delay(ns)  Physical Resource
                                                       Logical Resource(s)
    -------------------------------------------------  -------------------
    SLICE_X17Y46.YQ      Tcko                  0.511   AudioMux/count<2>
                                                       AudioMux/count_3
    SLICE_X15Y53.F1      net (fanout=2)        0.959   AudioMux/count<3>
    SLICE_X15Y53.COUT    Topcyf                1.011   AudioMux/count_cmp_eq0000_wg_cy<5>
                                                       AudioMux/count_cmp_eq0000_wg_lut<4>
                                                       AudioMux/count_cmp_eq0000_wg_cy<4>
                                                       AudioMux/count_cmp_eq0000_wg_cy<5>
    SLICE_X15Y54.CIN     net (fanout=1)        0.000   AudioMux/count_cmp_eq0000_wg_cy<5>
    SLICE_X15Y54.COUT    Tbyp                  0.103   AudioMux/count_cmp_eq0000
                                                       AudioMux/count_cmp_eq0000_wg_cy<6>
                                                       AudioMux/count_cmp_eq0000_wg_cy<7>
    SLICE_X17Y46.SR      net (fanout=17)       1.788   AudioMux/count_cmp_eq0000
    SLICE_X17Y46.CLK     Tsrck                 0.794   AudioMux/count<2>
                                                       AudioMux/count_2
    -------------------------------------------------  ---------------------------
    Total                                      5.166ns (2.419ns logic, 2.747ns route)
                                                       (46.8% logic, 53.2% route)

--------------------------------------------------------------------------------
Slack (setup path):     26.135ns (requirement - (data path - clock path skew + uncertainty))
  Source:               AudioMux/count_8 (FF)
  Destination:          AudioMux/count_2 (FF)
  Requirement:          31.250ns
  Data Path Delay:      5.115ns (Levels of Logic = 4)
  Clock Path Skew:      0.000ns
  Source Clock:         CLK_BUFGP rising at 0.000ns
  Destination Clock:    CLK_BUFGP rising at 31.250ns
  Clock Uncertainty:    0.000ns

  Maximum Data Path: AudioMux/count_8 to AudioMux/count_2
    Location             Delay type         Delay(ns)  Physical Resource
                                                       Logical Resource(s)
    -------------------------------------------------  -------------------
    SLICE_X17Y49.XQ      Tcko                  0.514   AudioMux/count<8>
                                                       AudioMux/count_8
    SLICE_X15Y51.F2      net (fanout=2)        0.699   AudioMux/count<8>
    SLICE_X15Y51.COUT    Topcyf                1.011   AudioMux/count_cmp_eq0000_wg_cy<1>
                                                       AudioMux/count_cmp_eq0000_wg_lut<0>
                                                       AudioMux/count_cmp_eq0000_wg_cy<0>
                                                       AudioMux/count_cmp_eq0000_wg_cy<1>
    SLICE_X15Y52.CIN     net (fanout=1)        0.000   AudioMux/count_cmp_eq0000_wg_cy<1>
    SLICE_X15Y52.COUT    Tbyp                  0.103   AudioMux/count_cmp_eq0000_wg_cy<3>
                                                       AudioMux/count_cmp_eq0000_wg_cy<2>
                                                       AudioMux/count_cmp_eq0000_wg_cy<3>
    SLICE_X15Y53.CIN     net (fanout=1)        0.000   AudioMux/count_cmp_eq0000_wg_cy<3>
    SLICE_X15Y53.COUT    Tbyp                  0.103   AudioMux/count_cmp_eq0000_wg_cy<5>
                                                       AudioMux/count_cmp_eq0000_wg_cy<4>
                                                       AudioMux/count_cmp_eq0000_wg_cy<5>
    SLICE_X15Y54.CIN     net (fanout=1)        0.000   AudioMux/count_cmp_eq0000_wg_cy<5>
    SLICE_X15Y54.COUT    Tbyp                  0.103   AudioMux/count_cmp_eq0000
                                                       AudioMux/count_cmp_eq0000_wg_cy<6>
                                                       AudioMux/count_cmp_eq0000_wg_cy<7>
    SLICE_X17Y46.SR      net (fanout=17)       1.788   AudioMux/count_cmp_eq0000
    SLICE_X17Y46.CLK     Tsrck                 0.794   AudioMux/count<2>
                                                       AudioMux/count_2
    -------------------------------------------------  ---------------------------
    Total                                      5.115ns (2.628ns logic, 2.487ns route)
                                                       (51.4% logic, 48.6% route)

--------------------------------------------------------------------------------

Paths for end point AudioMux/count_3 (SLICE_X17Y46.SR), 30 paths
--------------------------------------------------------------------------------
Slack (setup path):     25.878ns (requirement - (data path - clock path skew + uncertainty))
  Source:               AudioMux/count_7 (FF)
  Destination:          AudioMux/count_3 (FF)
  Requirement:          31.250ns
  Data Path Delay:      5.372ns (Levels of Logic = 4)
  Clock Path Skew:      0.000ns
  Source Clock:         CLK_BUFGP rising at 0.000ns
  Destination Clock:    CLK_BUFGP rising at 31.250ns
  Clock Uncertainty:    0.000ns

  Maximum Data Path: AudioMux/count_7 to AudioMux/count_3
    Location             Delay type         Delay(ns)  Physical Resource
                                                       Logical Resource(s)
    -------------------------------------------------  -------------------
    SLICE_X17Y48.YQ      Tcko                  0.511   AudioMux/count<6>
                                                       AudioMux/count_7
    SLICE_X15Y51.F1      net (fanout=2)        0.959   AudioMux/count<7>
    SLICE_X15Y51.COUT    Topcyf                1.011   AudioMux/count_cmp_eq0000_wg_cy<1>
                                                       AudioMux/count_cmp_eq0000_wg_lut<0>
                                                       AudioMux/count_cmp_eq0000_wg_cy<0>
                                                       AudioMux/count_cmp_eq0000_wg_cy<1>
    SLICE_X15Y52.CIN     net (fanout=1)        0.000   AudioMux/count_cmp_eq0000_wg_cy<1>
    SLICE_X15Y52.COUT    Tbyp                  0.103   AudioMux/count_cmp_eq0000_wg_cy<3>
                                                       AudioMux/count_cmp_eq0000_wg_cy<2>
                                                       AudioMux/count_cmp_eq0000_wg_cy<3>
    SLICE_X15Y53.CIN     net (fanout=1)        0.000   AudioMux/count_cmp_eq0000_wg_cy<3>
    SLICE_X15Y53.COUT    Tbyp                  0.103   AudioMux/count_cmp_eq0000_wg_cy<5>
                                                       AudioMux/count_cmp_eq0000_wg_cy<4>
                                                       AudioMux/count_cmp_eq0000_wg_cy<5>
    SLICE_X15Y54.CIN     net (fanout=1)        0.000   AudioMux/count_cmp_eq0000_wg_cy<5>
    SLICE_X15Y54.COUT    Tbyp                  0.103   AudioMux/count_cmp_eq0000
                                                       AudioMux/count_cmp_eq0000_wg_cy<6>
                                                       AudioMux/count_cmp_eq0000_wg_cy<7>
    SLICE_X17Y46.SR      net (fanout=17)       1.788   AudioMux/count_cmp_eq0000
    SLICE_X17Y46.CLK     Tsrck                 0.794   AudioMux/count<2>
                                                       AudioMux/count_3
    -------------------------------------------------  ---------------------------
    Total                                      5.372ns (2.625ns logic, 2.747ns route)
                                                       (48.9% logic, 51.1% route)

--------------------------------------------------------------------------------
Slack (setup path):     26.084ns (requirement - (data path - clock path skew + uncertainty))
  Source:               AudioMux/count_3 (FF)
  Destination:          AudioMux/count_3 (FF)
  Requirement:          31.250ns
  Data Path Delay:      5.166ns (Levels of Logic = 2)
  Clock Path Skew:      0.000ns
  Source Clock:         CLK_BUFGP rising at 0.000ns
  Destination Clock:    CLK_BUFGP rising at 31.250ns
  Clock Uncertainty:    0.000ns

  Maximum Data Path: AudioMux/count_3 to AudioMux/count_3
    Location             Delay type         Delay(ns)  Physical Resource
                                                       Logical Resource(s)
    -------------------------------------------------  -------------------
    SLICE_X17Y46.YQ      Tcko                  0.511   AudioMux/count<2>
                                                       AudioMux/count_3
    SLICE_X15Y53.F1      net (fanout=2)        0.959   AudioMux/count<3>
    SLICE_X15Y53.COUT    Topcyf                1.011   AudioMux/count_cmp_eq0000_wg_cy<5>
                                                       AudioMux/count_cmp_eq0000_wg_lut<4>
                                                       AudioMux/count_cmp_eq0000_wg_cy<4>
                                                       AudioMux/count_cmp_eq0000_wg_cy<5>
    SLICE_X15Y54.CIN     net (fanout=1)        0.000   AudioMux/count_cmp_eq0000_wg_cy<5>
    SLICE_X15Y54.COUT    Tbyp                  0.103   AudioMux/count_cmp_eq0000
                                                       AudioMux/count_cmp_eq0000_wg_cy<6>
                                                       AudioMux/count_cmp_eq0000_wg_cy<7>
    SLICE_X17Y46.SR      net (fanout=17)       1.788   AudioMux/count_cmp_eq0000
    SLICE_X17Y46.CLK     Tsrck                 0.794   AudioMux/count<2>
                                                       AudioMux/count_3
    -------------------------------------------------  ---------------------------
    Total                                      5.166ns (2.419ns logic, 2.747ns route)
                                                       (46.8% logic, 53.2% route)

--------------------------------------------------------------------------------
Slack (setup path):     26.135ns (requirement - (data path - clock path skew + uncertainty))
  Source:               AudioMux/count_8 (FF)
  Destination:          AudioMux/count_3 (FF)
  Requirement:          31.250ns
  Data Path Delay:      5.115ns (Levels of Logic = 4)
  Clock Path Skew:      0.000ns
  Source Clock:         CLK_BUFGP rising at 0.000ns
  Destination Clock:    CLK_BUFGP rising at 31.250ns
  Clock Uncertainty:    0.000ns

  Maximum Data Path: AudioMux/count_8 to AudioMux/count_3
    Location             Delay type         Delay(ns)  Physical Resource
                                                       Logical Resource(s)
    -------------------------------------------------  -------------------
    SLICE_X17Y49.XQ      Tcko                  0.514   AudioMux/count<8>
                                                       AudioMux/count_8
    SLICE_X15Y51.F2      net (fanout=2)        0.699   AudioMux/count<8>
    SLICE_X15Y51.COUT    Topcyf                1.011   AudioMux/count_cmp_eq0000_wg_cy<1>
                                                       AudioMux/count_cmp_eq0000_wg_lut<0>
                                                       AudioMux/count_cmp_eq0000_wg_cy<0>
                                                       AudioMux/count_cmp_eq0000_wg_cy<1>
    SLICE_X15Y52.CIN     net (fanout=1)        0.000   AudioMux/count_cmp_eq0000_wg_cy<1>
    SLICE_X15Y52.COUT    Tbyp                  0.103   AudioMux/count_cmp_eq0000_wg_cy<3>
                                                       AudioMux/count_cmp_eq0000_wg_cy<2>
                                                       AudioMux/count_cmp_eq0000_wg_cy<3>
    SLICE_X15Y53.CIN     net (fanout=1)        0.000   AudioMux/count_cmp_eq0000_wg_cy<3>
    SLICE_X15Y53.COUT    Tbyp                  0.103   AudioMux/count_cmp_eq0000_wg_cy<5>
                                                       AudioMux/count_cmp_eq0000_wg_cy<4>
                                                       AudioMux/count_cmp_eq0000_wg_cy<5>
    SLICE_X15Y54.CIN     net (fanout=1)        0.000   AudioMux/count_cmp_eq0000_wg_cy<5>
    SLICE_X15Y54.COUT    Tbyp                  0.103   AudioMux/count_cmp_eq0000
                                                       AudioMux/count_cmp_eq0000_wg_cy<6>
                                                       AudioMux/count_cmp_eq0000_wg_cy<7>
    SLICE_X17Y46.SR      net (fanout=17)       1.788   AudioMux/count_cmp_eq0000
    SLICE_X17Y46.CLK     Tsrck                 0.794   AudioMux/count<2>
                                                       AudioMux/count_3
    -------------------------------------------------  ---------------------------
    Total                                      5.115ns (2.628ns logic, 2.487ns route)
                                                       (51.4% logic, 48.6% route)

--------------------------------------------------------------------------------

Paths for end point AudioMux/count_4 (SLICE_X17Y47.SR), 30 paths
--------------------------------------------------------------------------------
Slack (setup path):     25.878ns (requirement - (data path - clock path skew + uncertainty))
  Source:               AudioMux/count_7 (FF)
  Destination:          AudioMux/count_4 (FF)
  Requirement:          31.250ns
  Data Path Delay:      5.372ns (Levels of Logic = 4)
  Clock Path Skew:      0.000ns
  Source Clock:         CLK_BUFGP rising at 0.000ns
  Destination Clock:    CLK_BUFGP rising at 31.250ns
  Clock Uncertainty:    0.000ns

  Maximum Data Path: AudioMux/count_7 to AudioMux/count_4
    Location             Delay type         Delay(ns)  Physical Resource
                                                       Logical Resource(s)
    -------------------------------------------------  -------------------
    SLICE_X17Y48.YQ      Tcko                  0.511   AudioMux/count<6>
                                                       AudioMux/count_7
    SLICE_X15Y51.F1      net (fanout=2)        0.959   AudioMux/count<7>
    SLICE_X15Y51.COUT    Topcyf                1.011   AudioMux/count_cmp_eq0000_wg_cy<1>
                                                       AudioMux/count_cmp_eq0000_wg_lut<0>
                                                       AudioMux/count_cmp_eq0000_wg_cy<0>
                                                       AudioMux/count_cmp_eq0000_wg_cy<1>
    SLICE_X15Y52.CIN     net (fanout=1)        0.000   AudioMux/count_cmp_eq0000_wg_cy<1>
    SLICE_X15Y52.COUT    Tbyp                  0.103   AudioMux/count_cmp_eq0000_wg_cy<3>
                                                       AudioMux/count_cmp_eq0000_wg_cy<2>
                                                       AudioMux/count_cmp_eq0000_wg_cy<3>
    SLICE_X15Y53.CIN     net (fanout=1)        0.000   AudioMux/count_cmp_eq0000_wg_cy<3>
    SLICE_X15Y53.COUT    Tbyp                  0.103   AudioMux/count_cmp_eq0000_wg_cy<5>
                                                       AudioMux/count_cmp_eq0000_wg_cy<4>
                                                       AudioMux/count_cmp_eq0000_wg_cy<5>
    SLICE_X15Y54.CIN     net (fanout=1)        0.000   AudioMux/count_cmp_eq0000_wg_cy<5>
    SLICE_X15Y54.COUT    Tbyp                  0.103   AudioMux/count_cmp_eq0000
                                                       AudioMux/count_cmp_eq0000_wg_cy<6>
                                                       AudioMux/count_cmp_eq0000_wg_cy<7>
    SLICE_X17Y47.SR      net (fanout=17)       1.788   AudioMux/count_cmp_eq0000
    SLICE_X17Y47.CLK     Tsrck                 0.794   AudioMux/count<4>
                                                       AudioMux/count_4
    -------------------------------------------------  ---------------------------
    Total                                      5.372ns (2.625ns logic, 2.747ns route)
                                                       (48.9% logic, 51.1% route)

--------------------------------------------------------------------------------
Slack (setup path):     26.084ns (requirement - (data path - clock path skew + uncertainty))
  Source:               AudioMux/count_3 (FF)
  Destination:          AudioMux/count_4 (FF)
  Requirement:          31.250ns
  Data Path Delay:      5.166ns (Levels of Logic = 2)
  Clock Path Skew:      0.000ns
  Source Clock:         CLK_BUFGP rising at 0.000ns
  Destination Clock:    CLK_BUFGP rising at 31.250ns
  Clock Uncertainty:    0.000ns

  Maximum Data Path: AudioMux/count_3 to AudioMux/count_4
    Location             Delay type         Delay(ns)  Physical Resource
                                                       Logical Resource(s)
    -------------------------------------------------  -------------------
    SLICE_X17Y46.YQ      Tcko                  0.511   AudioMux/count<2>
                                                       AudioMux/count_3
    SLICE_X15Y53.F1      net (fanout=2)        0.959   AudioMux/count<3>
    SLICE_X15Y53.COUT    Topcyf                1.011   AudioMux/count_cmp_eq0000_wg_cy<5>
                                                       AudioMux/count_cmp_eq0000_wg_lut<4>
                                                       AudioMux/count_cmp_eq0000_wg_cy<4>
                                                       AudioMux/count_cmp_eq0000_wg_cy<5>
    SLICE_X15Y54.CIN     net (fanout=1)        0.000   AudioMux/count_cmp_eq0000_wg_cy<5>
    SLICE_X15Y54.COUT    Tbyp                  0.103   AudioMux/count_cmp_eq0000
                                                       AudioMux/count_cmp_eq0000_wg_cy<6>
                                                       AudioMux/count_cmp_eq0000_wg_cy<7>
    SLICE_X17Y47.SR      net (fanout=17)       1.788   AudioMux/count_cmp_eq0000
    SLICE_X17Y47.CLK     Tsrck                 0.794   AudioMux/count<4>
                                                       AudioMux/count_4
    -------------------------------------------------  ---------------------------
    Total                                      5.166ns (2.419ns logic, 2.747ns route)
                                                       (46.8% logic, 53.2% route)

--------------------------------------------------------------------------------
Slack (setup path):     26.135ns (requirement - (data path - clock path skew + uncertainty))
  Source:               AudioMux/count_8 (FF)
  Destination:          AudioMux/count_4 (FF)
  Requirement:          31.250ns
  Data Path Delay:      5.115ns (Levels of Logic = 4)
  Clock Path Skew:      0.000ns
  Source Clock:         CLK_BUFGP rising at 0.000ns
  Destination Clock:    CLK_BUFGP rising at 31.250ns
  Clock Uncertainty:    0.000ns

  Maximum Data Path: AudioMux/count_8 to AudioMux/count_4
    Location             Delay type         Delay(ns)  Physical Resource
                                                       Logical Resource(s)
    -------------------------------------------------  -------------------
    SLICE_X17Y49.XQ      Tcko                  0.514   AudioMux/count<8>
                                                       AudioMux/count_8
    SLICE_X15Y51.F2      net (fanout=2)        0.699   AudioMux/count<8>
    SLICE_X15Y51.COUT    Topcyf                1.011   AudioMux/count_cmp_eq0000_wg_cy<1>
                                                       AudioMux/count_cmp_eq0000_wg_lut<0>
                                                       AudioMux/count_cmp_eq0000_wg_cy<0>
                                                       AudioMux/count_cmp_eq0000_wg_cy<1>
    SLICE_X15Y52.CIN     net (fanout=1)        0.000   AudioMux/count_cmp_eq0000_wg_cy<1>
    SLICE_X15Y52.COUT    Tbyp                  0.103   AudioMux/count_cmp_eq0000_wg_cy<3>
                                                       AudioMux/count_cmp_eq0000_wg_cy<2>
                                                       AudioMux/count_cmp_eq0000_wg_cy<3>
    SLICE_X15Y53.CIN     net (fanout=1)        0.000   AudioMux/count_cmp_eq0000_wg_cy<3>
    SLICE_X15Y53.COUT    Tbyp                  0.103   AudioMux/count_cmp_eq0000_wg_cy<5>
                                                       AudioMux/count_cmp_eq0000_wg_cy<4>
                                                       AudioMux/count_cmp_eq0000_wg_cy<5>
    SLICE_X15Y54.CIN     net (fanout=1)        0.000   AudioMux/count_cmp_eq0000_wg_cy<5>
    SLICE_X15Y54.COUT    Tbyp                  0.103   AudioMux/count_cmp_eq0000
                                                       AudioMux/count_cmp_eq0000_wg_cy<6>
                                                       AudioMux/count_cmp_eq0000_wg_cy<7>
    SLICE_X17Y47.SR      net (fanout=17)       1.788   AudioMux/count_cmp_eq0000
    SLICE_X17Y47.CLK     Tsrck                 0.794   AudioMux/count<4>
                                                       AudioMux/count_4
    -------------------------------------------------  ---------------------------
    Total                                      5.115ns (2.628ns logic, 2.487ns route)
                                                       (51.4% logic, 48.6% route)

--------------------------------------------------------------------------------

Hold Paths: NET "CLK_BUFGP/IBUFG" PERIOD = 31.25 ns HIGH 50%;
--------------------------------------------------------------------------------

Paths for end point Inst_dac8/sum_0 (SLICE_X15Y42.F4), 1 path
--------------------------------------------------------------------------------
Slack (hold path):      1.350ns (requirement - (clock path skew + uncertainty - data path))
  Source:               AudioMux/dout_0 (FF)
  Destination:          Inst_dac8/sum_0 (FF)
  Requirement:          0.000ns
  Data Path Delay:      1.350ns (Levels of Logic = 1)
  Clock Path Skew:      0.000ns
  Source Clock:         CLK_BUFGP rising at 31.250ns
  Destination Clock:    CLK_BUFGP rising at 31.250ns
  Clock Uncertainty:    0.000ns

  Minimum Data Path: AudioMux/dout_0 to Inst_dac8/sum_0
    Location             Delay type         Delay(ns)  Physical Resource
                                                       Logical Resource(s)
    -------------------------------------------------  -------------------
    SLICE_X15Y40.YQ      Tcko                  0.409   AudioMux/dout<0>
                                                       AudioMux/dout_0
    SLICE_X15Y42.F4      net (fanout=1)        0.245   AudioMux/dout<0>
    SLICE_X15Y42.CLK     Tckf        (-Th)    -0.696   Inst_dac8/sum<0>
                                                       Inst_dac8/Madd_sum_add0000_lut<0>
                                                       Inst_dac8/Madd_sum_add0000_xor<0>
                                                       Inst_dac8/sum_0
    -------------------------------------------------  ---------------------------
    Total                                      1.350ns (1.105ns logic, 0.245ns route)
                                                       (81.9% logic, 18.1% route)

--------------------------------------------------------------------------------

Paths for end point Inst_dac8/sum_2 (SLICE_X15Y43.F3), 1 path
--------------------------------------------------------------------------------
Slack (hold path):      1.366ns (requirement - (clock path skew + uncertainty - data path))
  Source:               AudioMux/dout_2 (FF)
  Destination:          Inst_dac8/sum_2 (FF)
  Requirement:          0.000ns
  Data Path Delay:      1.370ns (Levels of Logic = 1)
  Clock Path Skew:      0.004ns (0.010 - 0.006)
  Source Clock:         CLK_BUFGP rising at 31.250ns
  Destination Clock:    CLK_BUFGP rising at 31.250ns
  Clock Uncertainty:    0.000ns

  Minimum Data Path: AudioMux/dout_2 to Inst_dac8/sum_2
    Location             Delay type         Delay(ns)  Physical Resource
                                                       Logical Resource(s)
    -------------------------------------------------  -------------------
    SLICE_X13Y40.YQ      Tcko                  0.409   AudioMux/dout<2>
                                                       AudioMux/dout_2
    SLICE_X15Y43.F3      net (fanout=1)        0.265   AudioMux/dout<2>
    SLICE_X15Y43.CLK     Tckf        (-Th)    -0.696   Inst_dac8/sum<2>
                                                       Inst_dac8/Madd_sum_add0000_lut<2>
                                                       Inst_dac8/Madd_sum_add0000_xor<2>
                                                       Inst_dac8/sum_2
    -------------------------------------------------  ---------------------------
    Total                                      1.370ns (1.105ns logic, 0.265ns route)
                                                       (80.7% logic, 19.3% route)

--------------------------------------------------------------------------------

Paths for end point AudioMux/dout_1 (SLICE_X13Y42.BY), 1 path
--------------------------------------------------------------------------------
Slack (hold path):      1.373ns (requirement - (clock path skew + uncertainty - data path))
  Source:               AudioMux/seconds_2 (FF)
  Destination:          AudioMux/dout_1 (FF)
  Requirement:          0.000ns
  Data Path Delay:      1.373ns (Levels of Logic = 1)
  Clock Path Skew:      0.000ns
  Source Clock:         CLK_BUFGP rising at 31.250ns
  Destination Clock:    CLK_BUFGP rising at 31.250ns
  Clock Uncertainty:    0.000ns

  Minimum Data Path: AudioMux/seconds_2 to AudioMux/dout_1
    Location             Delay type         Delay(ns)  Physical Resource
                                                       Logical Resource(s)
    -------------------------------------------------  -------------------
    SLICE_X12Y40.YQ      Tcko                  0.454   AudioMux/seconds<2>
                                                       AudioMux/seconds_2
    SLICE_X13Y42.BY      net (fanout=9)        0.371   AudioMux/seconds<2>
    SLICE_X13Y42.CLK     Tckdi       (-Th)    -0.548   AudioMux/dout<1>
                                                       AudioMux/Mmux_dout_mux0001_2_f6_0
                                                       AudioMux/dout_1
    -------------------------------------------------  ---------------------------
    Total                                      1.373ns (1.002ns logic, 0.371ns route)
                                                       (73.0% logic, 27.0% route)

--------------------------------------------------------------------------------

Component Switching Limit Checks: NET "CLK_BUFGP/IBUFG" PERIOD = 31.25 ns HIGH 50%;
--------------------------------------------------------------------------------
Slack: 28.486ns (period - (min low pulse limit / (low pulse / period)))
  Period: 31.250ns
  Low pulse: 15.625ns
  Low pulse limit: 1.382ns (Tbpwl)
  Physical resource: Ahigh/U0/xst_blk_mem_generator/gnativebmg.native_blk_mem_gen/valid.cstr/ramloop[0].ram.r/s3_init.ram/spram.ram/CLKA
  Logical resource: Ahigh/U0/xst_blk_mem_generator/gnativebmg.native_blk_mem_gen/valid.cstr/ramloop[0].ram.r/s3_init.ram/spram.ram.A/CLKA
  Location pin: RAMB16_X0Y1.CLKA
  Clock network: CLK_BUFGP
--------------------------------------------------------------------------------
Slack: 28.486ns (period - (min high pulse limit / (high pulse / period)))
  Period: 31.250ns
  High pulse: 15.625ns
  High pulse limit: 1.382ns (Tbpwh)
  Physical resource: Ahigh/U0/xst_blk_mem_generator/gnativebmg.native_blk_mem_gen/valid.cstr/ramloop[0].ram.r/s3_init.ram/spram.ram/CLKA
  Logical resource: Ahigh/U0/xst_blk_mem_generator/gnativebmg.native_blk_mem_gen/valid.cstr/ramloop[0].ram.r/s3_init.ram/spram.ram.A/CLKA
  Location pin: RAMB16_X0Y1.CLKA
  Clock network: CLK_BUFGP
--------------------------------------------------------------------------------
Slack: 28.486ns (period - (min low pulse limit / (low pulse / period)))
  Period: 31.250ns
  Low pulse: 15.625ns
  Low pulse limit: 1.382ns (Tbpwl)
  Physical resource: Ahigh/U0/xst_blk_mem_generator/gnativebmg.native_blk_mem_gen/valid.cstr/ramloop[0].ram.r/s3_init.ram/spram.ram/CLKB
  Logical resource: Ahigh/U0/xst_blk_mem_generator/gnativebmg.native_blk_mem_gen/valid.cstr/ramloop[0].ram.r/s3_init.ram/spram.ram.B/CLKB
  Location pin: RAMB16_X0Y1.CLKB
  Clock network: CLK_BUFGP
--------------------------------------------------------------------------------


All constraints were met.


Data Sheet report:
-----------------
All values displayed in nanoseconds (ns)

Clock to Setup on destination clock CLK
---------------+---------+---------+---------+---------+
               | Src:Rise| Src:Fall| Src:Rise| Src:Fall|
Source Clock   |Dest:Rise|Dest:Rise|Dest:Fall|Dest:Fall|
---------------+---------+---------+---------+---------+
CLK            |    5.372|         |         |         |
---------------+---------+---------+---------+---------+


Timing summary:
---------------

Timing errors: 0  Score: 0  (Setup/Max: 0, Hold: 0)

Constraints cover 1984 paths, 0 nets, and 536 connections

Design statistics:
   Minimum period:   5.372ns{1}   (Maximum frequency: 186.150MHz)


------------------------------------Footnotes-----------------------------------
1)  The minimum period statistic assumes all single cycle delays.

Analysis completed Thu Dec 04 17:58:58 2014 
--------------------------------------------------------------------------------

Trace Settings:
-------------------------
Trace Settings 

Peak Memory Usage: 162 MB



